<?xml version="1.0" encoding="UTF-8"?>
<robot generator="Robot 7.0 (Python 3.11.3 on darwin)" generated="2024-02-26T08:32:55.228179" rpa="false" schemaversion="5">
<suite id="s1" name="Add Counterparty" source="/Users/pavelmilyukov/PycharmProjects/robotframework/Tests/add_counterparty.robot">
<test id="s1-t1" name="Вход в лк" line="146">
<kw name="Open Browser" owner="SeleniumLibrary">
<msg time="2024-02-26T08:32:55.366228" level="INFO">Opening browser 'Chrome' to base url 'https://www.citilink.ru'.</msg>
<arg>${main_page}</arg>
<arg>${browser}</arg>
<doc>Opens a new browser instance to the optional ``url``.</doc>
<status status="PASS" start="2024-02-26T08:32:55.366107" elapsed="7.327906"/>
</kw>
<kw name="Maximize Browser Window" owner="SeleniumLibrary">
<doc>Maximizes current browser window.</doc>
<status status="PASS" start="2024-02-26T08:33:02.695124" elapsed="0.460128"/>
</kw>
<kw name="Click Element" owner="SeleniumLibrary">
<msg time="2024-02-26T08:33:03.156103" level="INFO">Clicking element '//div[@data-meta-name= 'UserButtonContainer' and @class= 'css-1vb2hqj e38q5fc0']'.</msg>
<arg>${catalogButton}</arg>
<doc>Click the element identified by ``locator``.</doc>
<status status="PASS" start="2024-02-26T08:33:03.155439" elapsed="0.086012"/>
</kw>
<kw name="Input Text" owner="SeleniumLibrary">
<msg time="2024-02-26T08:33:03.241888" level="INFO">Typing text '79118952395' into text field 'login'.</msg>
<arg>${login_input_field}</arg>
<arg>${login}</arg>
<doc>Types the given ``text`` into the text field identified by ``locator``.</doc>
<status status="PASS" start="2024-02-26T08:33:03.241690" elapsed="0.134751"/>
</kw>
<kw name="Input Password" owner="SeleniumLibrary">
<msg time="2024-02-26T08:33:03.376736" level="INFO">Typing password into text field 'pass'.</msg>
<msg time="2024-02-26T08:33:03.429053" level="INFO">Temporally setting log level to: NONE</msg>
<arg>${login_pass_field}</arg>
<arg>${password}</arg>
<doc>Types the given password into the text field identified by ``locator``.</doc>
<status status="PASS" start="2024-02-26T08:33:03.376573" elapsed="0.094778"/>
</kw>
<kw name="Wait Until Page Contains Element" owner="SeleniumLibrary">
<arg>${the_login_button_submit}</arg>
<doc>Waits until the element ``locator`` appears on the current page.</doc>
<status status="PASS" start="2024-02-26T08:33:03.471522" elapsed="2.801010"/>
</kw>
<kw name="Click Element" owner="SeleniumLibrary">
<msg time="2024-02-26T08:33:06.273036" level="INFO">Clicking element 'xpath=//button[@class='e4uhfkv0 css-1nvnwij e4mggex0']'.</msg>
<arg>${the_login_button_submit}</arg>
<doc>Click the element identified by ``locator``.</doc>
<status status="PASS" start="2024-02-26T08:33:06.272773" elapsed="1.247206"/>
</kw>
<kw name="Close Browser" owner="SeleniumLibrary">
<doc>Closes the current browser.</doc>
<status status="PASS" start="2024-02-26T08:33:07.520163" elapsed="0.104026"/>
</kw>
<status status="PASS" start="2024-02-26T08:32:55.365680" elapsed="12.258643"/>
</test>
<test id="s1-t2" name="Смена пользователя" line="156">
<kw name="Open Browser" owner="SeleniumLibrary">
<msg time="2024-02-26T08:33:07.625481" level="INFO">Opening browser 'Chrome' to base url 'https://www.citilink.ru'.</msg>
<arg>${main_page}</arg>
<arg>${browser}</arg>
<doc>Opens a new browser instance to the optional ``url``.</doc>
<status status="PASS" start="2024-02-26T08:33:07.625342" elapsed="4.499578"/>
</kw>
<kw name="Maximize Browser Window" owner="SeleniumLibrary">
<doc>Maximizes current browser window.</doc>
<status status="PASS" start="2024-02-26T08:33:12.125193" elapsed="0.472069"/>
</kw>
<kw name="Click Element" owner="SeleniumLibrary">
<msg time="2024-02-26T08:33:12.598005" level="INFO">Clicking element '//div[@data-meta-name= 'UserButtonContainer' and @class= 'css-1vb2hqj e38q5fc0']'.</msg>
<arg>${catalogButton}</arg>
<doc>Click the element identified by ``locator``.</doc>
<status status="PASS" start="2024-02-26T08:33:12.597615" elapsed="0.084602"/>
</kw>
<kw name="Input Text" owner="SeleniumLibrary">
<msg time="2024-02-26T08:33:12.682581" level="INFO">Typing text '79118952395' into text field 'login'.</msg>
<arg>${login_input_field}</arg>
<arg>${login}</arg>
<doc>Types the given ``text`` into the text field identified by ``locator``.</doc>
<status status="PASS" start="2024-02-26T08:33:12.682357" elapsed="0.124244"/>
</kw>
<kw name="Input Password" owner="SeleniumLibrary">
<msg time="2024-02-26T08:33:12.807025" level="INFO">Typing password into text field 'pass'.</msg>
<msg time="2024-02-26T08:33:12.842114" level="INFO">Temporally setting log level to: NONE</msg>
<arg>${login_pass_field}</arg>
<arg>${password}</arg>
<doc>Types the given password into the text field identified by ``locator``.</doc>
<status status="PASS" start="2024-02-26T08:33:12.806865" elapsed="0.088589"/>
</kw>
<kw name="Wait Until Page Contains Element" owner="SeleniumLibrary">
<arg>${the_login_button_submit}</arg>
<doc>Waits until the element ``locator`` appears on the current page.</doc>
<status status="PASS" start="2024-02-26T08:33:12.895587" elapsed="2.801585"/>
</kw>
<kw name="Click Element" owner="SeleniumLibrary">
<msg time="2024-02-26T08:33:15.697647" level="INFO">Clicking element 'xpath=//button[@class='e4uhfkv0 css-1nvnwij e4mggex0']'.</msg>
<arg>${the_login_button_submit}</arg>
<doc>Click the element identified by ``locator``.</doc>
<status status="PASS" start="2024-02-26T08:33:15.697394" elapsed="1.731707"/>
</kw>
<kw name="Click Element" owner="SeleniumLibrary">
<msg time="2024-02-26T08:33:17.429392" level="INFO">Clicking element '//div[@class= 'css-1wyvf5z eyoh4ac0']'.</msg>
<msg time="2024-02-26T08:33:17.579460" level="INFO" html="true">&lt;/td&gt;&lt;/tr&gt;&lt;tr&gt;&lt;td colspan="3"&gt;&lt;a href="selenium-screenshot-1.png"&gt;&lt;img src="selenium-screenshot-1.png" width="800px"&gt;&lt;/a&gt;</msg>
<msg time="2024-02-26T08:33:17.579607" level="FAIL">Element with locator '//div[@class= 'css-1wyvf5z eyoh4ac0']' not found.</msg>
<arg>${Profile}</arg>
<doc>Click the element identified by ``locator``.</doc>
<status status="FAIL" start="2024-02-26T08:33:17.429233" elapsed="0.154328">Element with locator '//div[@class= 'css-1wyvf5z eyoh4ac0']' not found.</status>
</kw>
<kw name="Click Element" owner="SeleniumLibrary">
<arg>${switch_profile}</arg>
<doc>Click the element identified by ``locator``.</doc>
<status status="NOT RUN" start="2024-02-26T08:33:17.583703" elapsed="0.000016"/>
</kw>
<kw name="Sleep" owner="BuiltIn">
<arg>1s</arg>
<doc>Pauses the test executed for the given time.</doc>
<status status="NOT RUN" start="2024-02-26T08:33:17.583770" elapsed="0.000010"/>
</kw>
<kw name="Click Element" owner="SeleniumLibrary">
<arg>${change_user}</arg>
<doc>Click the element identified by ``locator``.</doc>
<status status="NOT RUN" start="2024-02-26T08:33:17.583823" elapsed="0.000010"/>
</kw>
<kw name="Close Browser" owner="SeleniumLibrary">
<doc>Closes the current browser.</doc>
<status status="NOT RUN" start="2024-02-26T08:33:17.583867" elapsed="0.000009"/>
</kw>
<kw name="Click Element" owner="SeleniumLibrary">
<arg>${Profile}</arg>
<doc>Click the element identified by ``locator``.</doc>
<status status="NOT RUN" start="2024-02-26T08:33:17.583909" elapsed="0.000009"/>
</kw>
<kw name="Click Element" owner="SeleniumLibrary">
<arg>${legal_invoice_orders}</arg>
<doc>Click the element identified by ``locator``.</doc>
<status status="NOT RUN" start="2024-02-26T08:33:17.583952" elapsed="0.000008"/>
</kw>
<kw name="Sleep" owner="BuiltIn">
<arg>2s</arg>
<doc>Pauses the test executed for the given time.</doc>
<status status="NOT RUN" start="2024-02-26T08:33:17.583991" elapsed="0.000008"/>
</kw>
<kw name="Get Text" owner="SeleniumLibrary">
<arg>${legal_invoice_order_text}</arg>
<doc>Returns the text value of the element identified by ``locator``.</doc>
<status status="NOT RUN" start="2024-02-26T08:33:17.584039" elapsed="0.000008"/>
</kw>
<kw name="Go Back" owner="SeleniumLibrary">
<doc>Simulates the user clicking the back button on their browser.</doc>
<status status="NOT RUN" start="2024-02-26T08:33:17.584079" elapsed="0.000008"/>
</kw>
<kw name="Click Element" owner="SeleniumLibrary">
<arg>${Profile}</arg>
<doc>Click the element identified by ``locator``.</doc>
<status status="NOT RUN" start="2024-02-26T08:33:17.584119" elapsed="0.000043"/>
</kw>
<kw name="Click Element" owner="SeleniumLibrary">
<arg>${legal_bonuses}</arg>
<doc>Click the element identified by ``locator``.</doc>
<status status="NOT RUN" start="2024-02-26T08:33:17.584199" elapsed="0.000008"/>
</kw>
<kw name="Sleep" owner="BuiltIn">
<arg>5s</arg>
<doc>Pauses the test executed for the given time.</doc>
<status status="NOT RUN" start="2024-02-26T08:33:17.584239" elapsed="0.000007"/>
</kw>
<kw name="Get Text" owner="SeleniumLibrary">
<arg>${legal_bonuses_text}</arg>
<doc>Returns the text value of the element identified by ``locator``.</doc>
<status status="NOT RUN" start="2024-02-26T08:33:17.584281" elapsed="0.000008"/>
</kw>
<kw name="Go Back" owner="SeleniumLibrary">
<doc>Simulates the user clicking the back button on their browser.</doc>
<status status="NOT RUN" start="2024-02-26T08:33:17.584320" elapsed="0.000009"/>
</kw>
<kw name="Click Element" owner="SeleniumLibrary">
<arg>${Profile}</arg>
<doc>Click the element identified by ``locator``.</doc>
<status status="NOT RUN" start="2024-02-26T08:33:17.584366" elapsed="0.000008"/>
</kw>
<kw name="Click Element" owner="SeleniumLibrary">
<arg>${legal_el_licenses}</arg>
<doc>Click the element identified by ``locator``.</doc>
<status status="NOT RUN" start="2024-02-26T08:33:17.584409" elapsed="0.000007"/>
</kw>
<kw name="Sleep" owner="BuiltIn">
<arg>3s</arg>
<doc>Pauses the test executed for the given time.</doc>
<status status="NOT RUN" start="2024-02-26T08:33:17.584447" elapsed="0.000007"/>
</kw>
<kw name="Get Text" owner="SeleniumLibrary">
<arg>${legal_el_licenses_text}</arg>
<doc>Returns the text value of the element identified by ``locator``.</doc>
<status status="NOT RUN" start="2024-02-26T08:33:17.584485" elapsed="0.000009"/>
</kw>
<kw name="Go Back" owner="SeleniumLibrary">
<doc>Simulates the user clicking the back button on their browser.</doc>
<status status="NOT RUN" start="2024-02-26T08:33:17.584525" elapsed="0.000007"/>
</kw>
<kw name="Click Element" owner="SeleniumLibrary">
<arg>${Profile}</arg>
<doc>Click the element identified by ``locator``.</doc>
<status status="NOT RUN" start="2024-02-26T08:33:17.584562" elapsed="0.000008"/>
</kw>
<kw name="Click Element" owner="SeleniumLibrary">
<arg>${legal_delivery}</arg>
<doc>Click the element identified by ``locator``.</doc>
<status status="NOT RUN" start="2024-02-26T08:33:17.584602" elapsed="0.000007"/>
</kw>
<kw name="Sleep" owner="BuiltIn">
<arg>3s</arg>
<doc>Pauses the test executed for the given time.</doc>
<status status="NOT RUN" start="2024-02-26T08:33:17.584642" elapsed="0.000008"/>
</kw>
<kw name="Get Text" owner="SeleniumLibrary">
<arg>${legal_delivery_text}</arg>
<doc>Returns the text value of the element identified by ``locator``.</doc>
<status status="NOT RUN" start="2024-02-26T08:33:17.584681" elapsed="0.000008"/>
</kw>
<kw name="Go Back" owner="SeleniumLibrary">
<doc>Simulates the user clicking the back button on their browser.</doc>
<status status="NOT RUN" start="2024-02-26T08:33:17.584718" elapsed="0.000008"/>
</kw>
<kw name="Click Element" owner="SeleniumLibrary">
<arg>${Profile}</arg>
<doc>Click the element identified by ``locator``.</doc>
<status status="NOT RUN" start="2024-02-26T08:33:17.584757" elapsed="0.000007"/>
</kw>
<kw name="Click Element" owner="SeleniumLibrary">
<arg>${legal_staff}</arg>
<doc>Click the element identified by ``locator``.</doc>
<status status="NOT RUN" start="2024-02-26T08:33:17.584794" elapsed="0.000008"/>
</kw>
<kw name="Sleep" owner="BuiltIn">
<arg>3s</arg>
<doc>Pauses the test executed for the given time.</doc>
<status status="NOT RUN" start="2024-02-26T08:33:17.584832" elapsed="0.000008"/>
</kw>
<kw name="Get Text" owner="SeleniumLibrary">
<arg>${legal_staff_text}</arg>
<doc>Returns the text value of the element identified by ``locator``.</doc>
<status status="NOT RUN" start="2024-02-26T08:33:17.584872" elapsed="0.000007"/>
</kw>
<kw name="Go Back" owner="SeleniumLibrary">
<doc>Simulates the user clicking the back button on their browser.</doc>
<status status="NOT RUN" start="2024-02-26T08:33:17.584908" elapsed="0.000007"/>
</kw>
<kw name="Click Element" owner="SeleniumLibrary">
<arg>${Profile}</arg>
<doc>Click the element identified by ``locator``.</doc>
<status status="NOT RUN" start="2024-02-26T08:33:17.584945" elapsed="0.000007"/>
</kw>
<kw name="Click Element" owner="SeleniumLibrary">
<arg>${legal_exit_form}</arg>
<doc>Click the element identified by ``locator``.</doc>
<status status="NOT RUN" start="2024-02-26T08:33:17.584982" elapsed="0.000007"/>
</kw>
<kw name="Sleep" owner="BuiltIn">
<arg>2s</arg>
<doc>Pauses the test executed for the given time.</doc>
<status status="NOT RUN" start="2024-02-26T08:33:17.585018" elapsed="0.000007"/>
</kw>
<status status="FAIL" start="2024-02-26T08:33:07.624934" elapsed="9.960190">Element with locator '//div[@class= 'css-1wyvf5z eyoh4ac0']' not found.</status>
</test>
<test id="s1-t3" name="Добавить контрагента ИП" line="212">
<kw name="Open Browser" owner="SeleniumLibrary">
<msg time="2024-02-26T08:33:17.585551" level="INFO">Opening browser 'Chrome' to base url 'https://www.citilink.ru'.</msg>
<arg>${main_page}</arg>
<arg>${browser}</arg>
<doc>Opens a new browser instance to the optional ``url``.</doc>
<status status="PASS" start="2024-02-26T08:33:17.585437" elapsed="4.428813"/>
</kw>
<kw name="Maximize Browser Window" owner="SeleniumLibrary">
<doc>Maximizes current browser window.</doc>
<status status="PASS" start="2024-02-26T08:33:22.014507" elapsed="0.474275"/>
</kw>
<kw name="Click Element" owner="SeleniumLibrary">
<msg time="2024-02-26T08:33:22.489163" level="INFO">Clicking element '//div[@data-meta-name= 'UserButtonContainer' and @class= 'css-1vb2hqj e38q5fc0']'.</msg>
<arg>${catalogButton}</arg>
<doc>Click the element identified by ``locator``.</doc>
<status status="PASS" start="2024-02-26T08:33:22.488928" elapsed="0.081704"/>
</kw>
<kw name="Input Text" owner="SeleniumLibrary">
<msg time="2024-02-26T08:33:22.571144" level="INFO">Typing text '79118952395' into text field 'login'.</msg>
<arg>${login_input_field}</arg>
<arg>${login}</arg>
<doc>Types the given ``text`` into the text field identified by ``locator``.</doc>
<status status="PASS" start="2024-02-26T08:33:22.570848" elapsed="0.133551"/>
</kw>
<kw name="Input Password" owner="SeleniumLibrary">
<msg time="2024-02-26T08:33:22.704819" level="INFO">Typing password into text field 'pass'.</msg>
<msg time="2024-02-26T08:33:22.733691" level="INFO">Temporally setting log level to: NONE</msg>
<arg>${login_pass_field}</arg>
<arg>${password}</arg>
<doc>Types the given password into the text field identified by ``locator``.</doc>
<status status="PASS" start="2024-02-26T08:33:22.704585" elapsed="0.079821"/>
</kw>
<kw name="Wait Until Page Contains Element" owner="SeleniumLibrary">
<arg>${the_login_button_submit}</arg>
<doc>Waits until the element ``locator`` appears on the current page.</doc>
<status status="PASS" start="2024-02-26T08:33:22.784534" elapsed="2.790541"/>
</kw>
<kw name="Click Element" owner="SeleniumLibrary">
<msg time="2024-02-26T08:33:25.576733" level="INFO">Clicking element 'xpath=//button[@class='e4uhfkv0 css-1nvnwij e4mggex0']'.</msg>
<arg>${the_login_button_submit}</arg>
<doc>Click the element identified by ``locator``.</doc>
<status status="PASS" start="2024-02-26T08:33:25.576078" elapsed="1.282377"/>
</kw>
<kw name="Click Element" owner="SeleniumLibrary">
<msg time="2024-02-26T08:33:26.858725" level="INFO">Clicking element '//div[@class= 'css-1wyvf5z eyoh4ac0']'.</msg>
<msg time="2024-02-26T08:33:27.018052" level="INFO" html="true">&lt;/td&gt;&lt;/tr&gt;&lt;tr&gt;&lt;td colspan="3"&gt;&lt;a href="selenium-screenshot-2.png"&gt;&lt;img src="selenium-screenshot-2.png" width="800px"&gt;&lt;/a&gt;</msg>
<msg time="2024-02-26T08:33:27.018372" level="FAIL">Element with locator '//div[@class= 'css-1wyvf5z eyoh4ac0']' not found.</msg>
<arg>${Profile}</arg>
<doc>Click the element identified by ``locator``.</doc>
<status status="FAIL" start="2024-02-26T08:33:26.858577" elapsed="0.160515">Element with locator '//div[@class= 'css-1wyvf5z eyoh4ac0']' not found.</status>
</kw>
<kw name="Click Element" owner="SeleniumLibrary">
<arg>${legal_company}</arg>
<doc>Click the element identified by ``locator``.</doc>
<status status="NOT RUN" start="2024-02-26T08:33:27.019645" elapsed="0.000019"/>
</kw>
<kw name="Sleep" owner="BuiltIn">
<arg>1s</arg>
<doc>Pauses the test executed for the given time.</doc>
<status status="NOT RUN" start="2024-02-26T08:33:27.019722" elapsed="0.000010"/>
</kw>
<kw name="Click Element" owner="SeleniumLibrary">
<arg>${add_counterparty}</arg>
<doc>Click the element identified by ``locator``.</doc>
<status status="NOT RUN" start="2024-02-26T08:33:27.019772" elapsed="0.000008"/>
</kw>
<kw name="Sleep" owner="BuiltIn">
<arg>1s</arg>
<doc>Pauses the test executed for the given time.</doc>
<status status="NOT RUN" start="2024-02-26T08:33:27.019811" elapsed="0.000008"/>
</kw>
<kw name="Click Element" owner="SeleniumLibrary">
<arg>${legal_company_form}</arg>
<doc>Click the element identified by ``locator``.</doc>
<status status="NOT RUN" start="2024-02-26T08:33:27.019852" elapsed="0.000008"/>
</kw>
<kw name="Sleep" owner="BuiltIn">
<arg>1s</arg>
<doc>Pauses the test executed for the given time.</doc>
<status status="NOT RUN" start="2024-02-26T08:33:27.019897" elapsed="0.000008"/>
</kw>
<kw name="Click Element" owner="SeleniumLibrary">
<arg>${company_form_ip}</arg>
<doc>Click the element identified by ``locator``.</doc>
<status status="NOT RUN" start="2024-02-26T08:33:27.019936" elapsed="0.000009"/>
</kw>
<kw name="Sleep" owner="BuiltIn">
<arg>2s</arg>
<doc>Pauses the test executed for the given time.</doc>
<status status="NOT RUN" start="2024-02-26T08:33:27.019975" elapsed="0.000008"/>
</kw>
<kw name="Get Random Inn Fl" owner="inn_generator">
<var>${random_inn}</var>
<doc>Get random Individual Entrepreneur INN</doc>
<status status="NOT RUN" start="2024-02-26T08:33:27.020031" elapsed="0.000010"/>
</kw>
<kw name="Input Text" owner="SeleniumLibrary">
<arg>${legal_field_inn}</arg>
<arg>${random_inn}</arg>
<doc>Types the given ``text`` into the text field identified by ``locator``.</doc>
<status status="NOT RUN" start="2024-02-26T08:33:27.020084" elapsed="0.000008"/>
</kw>
<kw name="Sleep" owner="BuiltIn">
<arg>2s</arg>
<doc>Pauses the test executed for the given time.</doc>
<status status="NOT RUN" start="2024-02-26T08:33:27.020122" elapsed="0.000008"/>
</kw>
<kw name="Click Element" owner="SeleniumLibrary">
<arg>${form_continue}</arg>
<doc>Click the element identified by ``locator``.</doc>
<status status="NOT RUN" start="2024-02-26T08:33:27.020161" elapsed="0.000008"/>
</kw>
<kw name="Sleep" owner="BuiltIn">
<arg>5s</arg>
<doc>Pauses the test executed for the given time.</doc>
<status status="NOT RUN" start="2024-02-26T08:33:27.020198" elapsed="0.000007"/>
</kw>
<kw name="Input Text" owner="SeleniumLibrary">
<arg>${legal_name_company}</arg>
<arg>${legal_name_company_text}</arg>
<doc>Types the given ``text`` into the text field identified by ``locator``.</doc>
<status status="NOT RUN" start="2024-02-26T08:33:27.020235" elapsed="0.000007"/>
</kw>
<kw name="Input Text" owner="SeleniumLibrary">
<arg>${legal_OGRN}</arg>
<arg>${legal_OGRN_text}</arg>
<doc>Types the given ``text`` into the text field identified by ``locator``.</doc>
<status status="NOT RUN" start="2024-02-26T08:33:27.020273" elapsed="0.000007"/>
</kw>
<kw name="Input Text" owner="SeleniumLibrary">
<arg>${legal_index}</arg>
<arg>${legal_index_text}</arg>
<doc>Types the given ``text`` into the text field identified by ``locator``.</doc>
<status status="NOT RUN" start="2024-02-26T08:33:27.020310" elapsed="0.000007"/>
</kw>
<kw name="Input Text" owner="SeleniumLibrary">
<arg>${legal_city}</arg>
<arg>${legal_city_text}</arg>
<doc>Types the given ``text`` into the text field identified by ``locator``.</doc>
<status status="NOT RUN" start="2024-02-26T08:33:27.020347" elapsed="0.000007"/>
</kw>
<kw name="Input Text" owner="SeleniumLibrary">
<arg>${legal_street}</arg>
<arg>${legal_street_text}</arg>
<doc>Types the given ``text`` into the text field identified by ``locator``.</doc>
<status status="NOT RUN" start="2024-02-26T08:33:27.020383" elapsed="0.000012"/>
</kw>
<kw name="Input Text" owner="SeleniumLibrary">
<arg>${legal_house}</arg>
<arg>${legal_house_text}</arg>
<doc>Types the given ``text`` into the text field identified by ``locator``.</doc>
<status status="NOT RUN" start="2024-02-26T08:33:27.020428" elapsed="0.000007"/>
</kw>
<kw name="Input Text" owner="SeleniumLibrary">
<arg>${legal_housing}</arg>
<arg>${legal_housing_text}</arg>
<doc>Types the given ``text`` into the text field identified by ``locator``.</doc>
<status status="NOT RUN" start="2024-02-26T08:33:27.020465" elapsed="0.000007"/>
</kw>
<kw name="Input Text" owner="SeleniumLibrary">
<arg>${legal_apartment}</arg>
<arg>${legal_apartment_text}</arg>
<doc>Types the given ``text`` into the text field identified by ``locator``.</doc>
<status status="NOT RUN" start="2024-02-26T08:33:27.020501" elapsed="0.000007"/>
</kw>
<kw name="Input Text" owner="SeleniumLibrary">
<arg>${legal_additional}</arg>
<arg>${legal_additional_text}</arg>
<doc>Types the given ``text`` into the text field identified by ``locator``.</doc>
<status status="NOT RUN" start="2024-02-26T08:33:27.020539" elapsed="0.000007"/>
</kw>
<kw name="Input Text" owner="SeleniumLibrary">
<arg>${legal_bik}</arg>
<arg>${legal_bik_text}</arg>
<doc>Types the given ``text`` into the text field identified by ``locator``.</doc>
<status status="NOT RUN" start="2024-02-26T08:33:27.020575" elapsed="0.000007"/>
</kw>
<kw name="Sleep" owner="BuiltIn">
<arg>3s</arg>
<doc>Pauses the test executed for the given time.</doc>
<status status="NOT RUN" start="2024-02-26T08:33:27.020611" elapsed="0.000007"/>
</kw>
<kw name="Input Text" owner="SeleniumLibrary">
<arg>${legal_bankName}</arg>
<arg>${legal_bankName_text}</arg>
<doc>Types the given ``text`` into the text field identified by ``locator``.</doc>
<status status="NOT RUN" start="2024-02-26T08:33:27.020647" elapsed="0.000008"/>
</kw>
<kw name="Sleep" owner="BuiltIn">
<arg>3s</arg>
<doc>Pauses the test executed for the given time.</doc>
<status status="NOT RUN" start="2024-02-26T08:33:27.020683" elapsed="0.000007"/>
</kw>
<kw name="Input Text" owner="SeleniumLibrary">
<arg>${legal_bankCity}</arg>
<arg>${legal_bankCity_text}</arg>
<doc>Types the given ``text`` into the text field identified by ``locator``.</doc>
<status status="NOT RUN" start="2024-02-26T08:33:27.020719" elapsed="0.000007"/>
</kw>
<kw name="Sleep" owner="BuiltIn">
<arg>3s</arg>
<doc>Pauses the test executed for the given time.</doc>
<status status="NOT RUN" start="2024-02-26T08:33:27.020755" elapsed="0.000007"/>
</kw>
<kw name="Input Text" owner="SeleniumLibrary">
<arg>${legal_bankAccount}</arg>
<arg>${legal_bankAccount_text}</arg>
<doc>Types the given ``text`` into the text field identified by ``locator``.</doc>
<status status="NOT RUN" start="2024-02-26T08:33:27.020791" elapsed="0.000007"/>
</kw>
<kw name="Input Text" owner="SeleniumLibrary">
<arg>${leagal_cor}</arg>
<arg>${leagal_cor_text}</arg>
<doc>Types the given ``text`` into the text field identified by ``locator``.</doc>
<status status="NOT RUN" start="2024-02-26T08:33:27.020827" elapsed="0.000007"/>
</kw>
<kw name="Sleep" owner="BuiltIn">
<arg>3s</arg>
<doc>Pauses the test executed for the given time.</doc>
<status status="NOT RUN" start="2024-02-26T08:33:27.020863" elapsed="0.000007"/>
</kw>
<kw name="Input Text" owner="SeleniumLibrary">
<arg>${legal_contactPerson}</arg>
<arg>${legal_contactPerson_text}</arg>
<doc>Types the given ``text`` into the text field identified by ``locator``.</doc>
<status status="NOT RUN" start="2024-02-26T08:33:27.020905" elapsed="0.000007"/>
</kw>
<kw name="Input Text" owner="SeleniumLibrary">
<arg>${legal_placeholder}</arg>
<arg>${legal_placeholder_text}</arg>
<doc>Types the given ``text`` into the text field identified by ``locator``.</doc>
<status status="NOT RUN" start="2024-02-26T08:33:27.020944" elapsed="0.000007"/>
</kw>
<kw name="Input Text" owner="SeleniumLibrary">
<arg>${legal_corpEmail}</arg>
<arg>${legal_corpEmail_text}</arg>
<doc>Types the given ``text`` into the text field identified by ``locator``.</doc>
<status status="NOT RUN" start="2024-02-26T08:33:27.020979" elapsed="0.000007"/>
</kw>
<kw name="Input Text" owner="SeleniumLibrary">
<arg>${legal_userPosition}</arg>
<arg>${legal_userPosition_text}</arg>
<doc>Types the given ``text`` into the text field identified by ``locator``.</doc>
<status status="NOT RUN" start="2024-02-26T08:33:27.021036" elapsed="0.000008"/>
</kw>
<kw name="Input Text" owner="SeleniumLibrary">
<arg>${legal_directorFullName}</arg>
<arg>${legal_directorFullName_text}</arg>
<doc>Types the given ``text`` into the text field identified by ``locator``.</doc>
<status status="NOT RUN" start="2024-02-26T08:33:27.021074" elapsed="0.000007"/>
</kw>
<kw name="Input Text" owner="SeleniumLibrary">
<arg>${legal_directorEmail}</arg>
<arg>${legal_directorEmail_text}</arg>
<doc>Types the given ``text`` into the text field identified by ``locator``.</doc>
<status status="NOT RUN" start="2024-02-26T08:33:27.021110" elapsed="0.000007"/>
</kw>
<kw name="Input Text" owner="SeleniumLibrary">
<arg>${legal_chiefAccountant}</arg>
<arg>${legal_chiefAccountant_text}</arg>
<doc>Types the given ``text`` into the text field identified by ``locator``.</doc>
<status status="NOT RUN" start="2024-02-26T08:33:27.021147" elapsed="0.000007"/>
</kw>
<kw name="Input Text" owner="SeleniumLibrary">
<arg>${legal_AccountantEmail}</arg>
<arg>${legal_AccountantEmail_text}</arg>
<doc>Types the given ``text`` into the text field identified by ``locator``.</doc>
<status status="NOT RUN" start="2024-02-26T08:33:27.021184" elapsed="0.000006"/>
</kw>
<kw name="Sleep" owner="BuiltIn">
<arg>2s</arg>
<doc>Pauses the test executed for the given time.</doc>
<status status="NOT RUN" start="2024-02-26T08:33:27.021219" elapsed="0.000007"/>
</kw>
<kw name="Click Element" owner="SeleniumLibrary">
<arg>${add_counterparty_continue}</arg>
<doc>Click the element identified by ``locator``.</doc>
<status status="NOT RUN" start="2024-02-26T08:33:27.021256" elapsed="0.000007"/>
</kw>
<kw name="Sleep" owner="BuiltIn">
<arg>4s</arg>
<doc>Pauses the test executed for the given time.</doc>
<status status="NOT RUN" start="2024-02-26T08:33:27.021292" elapsed="0.000006"/>
</kw>
<kw name="Click Element" owner="SeleniumLibrary">
<arg>${сontinue_without_details}</arg>
<doc>Click the element identified by ``locator``.</doc>
<status status="NOT RUN" start="2024-02-26T08:33:27.021328" elapsed="0.000007"/>
</kw>
<status status="FAIL" start="2024-02-26T08:33:17.585253" elapsed="9.436195">Element with locator '//div[@class= 'css-1wyvf5z eyoh4ac0']' not found.</status>
</test>
<test id="s1-t4" name="Добавить контрагента ЮР" line="266">
<kw name="Open Browser" owner="SeleniumLibrary">
<msg time="2024-02-26T08:33:27.021925" level="INFO">Opening browser 'Chrome' to base url 'https://www.citilink.ru'.</msg>
<arg>${main_page}</arg>
<arg>${browser}</arg>
<doc>Opens a new browser instance to the optional ``url``.</doc>
<status status="PASS" start="2024-02-26T08:33:27.021808" elapsed="4.565266"/>
</kw>
<kw name="Maximize Browser Window" owner="SeleniumLibrary">
<doc>Maximizes current browser window.</doc>
<status status="PASS" start="2024-02-26T08:33:31.588729" elapsed="0.468451"/>
</kw>
<kw name="Click Element" owner="SeleniumLibrary">
<msg time="2024-02-26T08:33:32.057749" level="INFO">Clicking element '//div[@data-meta-name= 'UserButtonContainer' and @class= 'css-1vb2hqj e38q5fc0']'.</msg>
<arg>${catalogButton}</arg>
<doc>Click the element identified by ``locator``.</doc>
<status status="PASS" start="2024-02-26T08:33:32.057323" elapsed="0.085400"/>
</kw>
<kw name="Input Text" owner="SeleniumLibrary">
<msg time="2024-02-26T08:33:32.143055" level="INFO">Typing text '79118952395' into text field 'login'.</msg>
<arg>${login_input_field}</arg>
<arg>${login}</arg>
<doc>Types the given ``text`` into the text field identified by ``locator``.</doc>
<status status="PASS" start="2024-02-26T08:33:32.142852" elapsed="0.138288"/>
</kw>
<kw name="Input Password" owner="SeleniumLibrary">
<msg time="2024-02-26T08:33:32.281454" level="INFO">Typing password into text field 'pass'.</msg>
<msg time="2024-02-26T08:33:32.312581" level="INFO">Temporally setting log level to: NONE</msg>
<arg>${login_pass_field}</arg>
<arg>${password}</arg>
<doc>Types the given password into the text field identified by ``locator``.</doc>
<status status="PASS" start="2024-02-26T08:33:32.281298" elapsed="0.084997"/>
</kw>
<kw name="Wait Until Page Contains Element" owner="SeleniumLibrary">
<arg>${the_login_button_submit}</arg>
<doc>Waits until the element ``locator`` appears on the current page.</doc>
<status status="PASS" start="2024-02-26T08:33:32.366509" elapsed="2.800695"/>
</kw>
<kw name="Click Element" owner="SeleniumLibrary">
<msg time="2024-02-26T08:33:35.167602" level="INFO">Clicking element 'xpath=//button[@class='e4uhfkv0 css-1nvnwij e4mggex0']'.</msg>
<arg>${the_login_button_submit}</arg>
<doc>Click the element identified by ``locator``.</doc>
<status status="PASS" start="2024-02-26T08:33:35.167387" elapsed="1.322444"/>
</kw>
<kw name="Click Element" owner="SeleniumLibrary">
<msg time="2024-02-26T08:33:36.490285" level="INFO">Clicking element '//div[@class= 'css-1wyvf5z eyoh4ac0']'.</msg>
<msg time="2024-02-26T08:33:36.644403" level="INFO" html="true">&lt;/td&gt;&lt;/tr&gt;&lt;tr&gt;&lt;td colspan="3"&gt;&lt;a href="selenium-screenshot-3.png"&gt;&lt;img src="selenium-screenshot-3.png" width="800px"&gt;&lt;/a&gt;</msg>
<msg time="2024-02-26T08:33:36.644585" level="FAIL">Element with locator '//div[@class= 'css-1wyvf5z eyoh4ac0']' not found.</msg>
<arg>${Profile}</arg>
<doc>Click the element identified by ``locator``.</doc>
<status status="FAIL" start="2024-02-26T08:33:36.489967" elapsed="0.155100">Element with locator '//div[@class= 'css-1wyvf5z eyoh4ac0']' not found.</status>
</kw>
<kw name="Click Element" owner="SeleniumLibrary">
<arg>${legal_company}</arg>
<doc>Click the element identified by ``locator``.</doc>
<status status="NOT RUN" start="2024-02-26T08:33:36.645167" elapsed="0.000015"/>
</kw>
<kw name="Sleep" owner="BuiltIn">
<arg>1s</arg>
<doc>Pauses the test executed for the given time.</doc>
<status status="NOT RUN" start="2024-02-26T08:33:36.645231" elapsed="0.000010"/>
</kw>
<kw name="Click Element" owner="SeleniumLibrary">
<arg>${add_counterparty}</arg>
<doc>Click the element identified by ``locator``.</doc>
<status status="NOT RUN" start="2024-02-26T08:33:36.645277" elapsed="0.000008"/>
</kw>
<kw name="Sleep" owner="BuiltIn">
<arg>1s</arg>
<doc>Pauses the test executed for the given time.</doc>
<status status="NOT RUN" start="2024-02-26T08:33:36.645315" elapsed="0.000008"/>
</kw>
<kw name="Click Element" owner="SeleniumLibrary">
<arg>${legal_company_form}</arg>
<doc>Click the element identified by ``locator``.</doc>
<status status="NOT RUN" start="2024-02-26T08:33:36.645353" elapsed="0.000007"/>
</kw>
<kw name="Sleep" owner="BuiltIn">
<arg>1s</arg>
<doc>Pauses the test executed for the given time.</doc>
<status status="NOT RUN" start="2024-02-26T08:33:36.645557" elapsed="0.000009"/>
</kw>
<kw name="Click Element" owner="SeleniumLibrary">
<arg>${company_com_company}</arg>
<doc>Click the element identified by ``locator``.</doc>
<status status="NOT RUN" start="2024-02-26T08:33:36.645599" elapsed="0.000008"/>
</kw>
<kw name="Sleep" owner="BuiltIn">
<arg>2s</arg>
<doc>Pauses the test executed for the given time.</doc>
<status status="NOT RUN" start="2024-02-26T08:33:36.645637" elapsed="0.000008"/>
</kw>
<kw name="Get Random Inn Ul" owner="inn_generator">
<var>${random_inn}</var>
<doc>Get random Legal Entity INN</doc>
<status status="NOT RUN" start="2024-02-26T08:33:36.645680" elapsed="0.000007"/>
</kw>
<kw name="Input Text" owner="SeleniumLibrary">
<arg>${legal_field_inn}</arg>
<arg>${random_inn}</arg>
<doc>Types the given ``text`` into the text field identified by ``locator``.</doc>
<status status="NOT RUN" start="2024-02-26T08:33:36.645718" elapsed="0.000008"/>
</kw>
<kw name="Sleep" owner="BuiltIn">
<arg>2s</arg>
<doc>Pauses the test executed for the given time.</doc>
<status status="NOT RUN" start="2024-02-26T08:33:36.645755" elapsed="0.000007"/>
</kw>
<kw name="Click Element" owner="SeleniumLibrary">
<arg>${form_continue}</arg>
<doc>Click the element identified by ``locator``.</doc>
<status status="NOT RUN" start="2024-02-26T08:33:36.645999" elapsed="0.000016"/>
</kw>
<kw name="Sleep" owner="BuiltIn">
<arg>5s</arg>
<doc>Pauses the test executed for the given time.</doc>
<status status="NOT RUN" start="2024-02-26T08:33:36.646058" elapsed="0.000010"/>
</kw>
<kw name="Input Text" owner="SeleniumLibrary">
<arg>${legal_name_company}</arg>
<arg>${legal_name_company_text}</arg>
<doc>Types the given ``text`` into the text field identified by ``locator``.</doc>
<status status="NOT RUN" start="2024-02-26T08:33:36.646106" elapsed="0.000008"/>
</kw>
<kw name="Input Text" owner="SeleniumLibrary">
<arg>${legal_OGRN}</arg>
<arg>${legal_OGRN_text}</arg>
<doc>Types the given ``text`` into the text field identified by ``locator``.</doc>
<status status="NOT RUN" start="2024-02-26T08:33:36.646148" elapsed="0.000008"/>
</kw>
<kw name="Input Text" owner="SeleniumLibrary">
<arg>${legal_index}</arg>
<arg>${legal_index_text}</arg>
<doc>Types the given ``text`` into the text field identified by ``locator``.</doc>
<status status="NOT RUN" start="2024-02-26T08:33:36.646189" elapsed="0.000008"/>
</kw>
<kw name="Input Text" owner="SeleniumLibrary">
<arg>${legal_city}</arg>
<arg>${legal_city_text}</arg>
<doc>Types the given ``text`` into the text field identified by ``locator``.</doc>
<status status="NOT RUN" start="2024-02-26T08:33:36.646228" elapsed="0.000007"/>
</kw>
<kw name="Input Text" owner="SeleniumLibrary">
<arg>${legal_street}</arg>
<arg>${legal_street_text}</arg>
<doc>Types the given ``text`` into the text field identified by ``locator``.</doc>
<status status="NOT RUN" start="2024-02-26T08:33:36.646266" elapsed="0.000007"/>
</kw>
<kw name="Input Text" owner="SeleniumLibrary">
<arg>${legal_house}</arg>
<arg>${legal_house_text}</arg>
<doc>Types the given ``text`` into the text field identified by ``locator``.</doc>
<status status="NOT RUN" start="2024-02-26T08:33:36.646304" elapsed="0.000008"/>
</kw>
<kw name="Input Text" owner="SeleniumLibrary">
<arg>${legal_housing}</arg>
<arg>${legal_housing_text}</arg>
<doc>Types the given ``text`` into the text field identified by ``locator``.</doc>
<status status="NOT RUN" start="2024-02-26T08:33:36.646343" elapsed="0.000007"/>
</kw>
<kw name="Input Text" owner="SeleniumLibrary">
<arg>${legal_apartment}</arg>
<arg>${legal_apartment_text}</arg>
<doc>Types the given ``text`` into the text field identified by ``locator``.</doc>
<status status="NOT RUN" start="2024-02-26T08:33:36.646382" elapsed="0.000009"/>
</kw>
<kw name="Input Text" owner="SeleniumLibrary">
<arg>${legal_additional}</arg>
<arg>${legal_additional_text}</arg>
<doc>Types the given ``text`` into the text field identified by ``locator``.</doc>
<status status="NOT RUN" start="2024-02-26T08:33:36.646423" elapsed="0.000007"/>
</kw>
<kw name="Input Text" owner="SeleniumLibrary">
<arg>${legal_bik}</arg>
<arg>${legal_bik_text}</arg>
<doc>Types the given ``text`` into the text field identified by ``locator``.</doc>
<status status="NOT RUN" start="2024-02-26T08:33:36.646461" elapsed="0.000007"/>
</kw>
<kw name="Sleep" owner="BuiltIn">
<arg>3s</arg>
<doc>Pauses the test executed for the given time.</doc>
<status status="NOT RUN" start="2024-02-26T08:33:36.646498" elapsed="0.000009"/>
</kw>
<kw name="Input Text" owner="SeleniumLibrary">
<arg>${legal_bankName}</arg>
<arg>${legal_bankName_text}</arg>
<doc>Types the given ``text`` into the text field identified by ``locator``.</doc>
<status status="NOT RUN" start="2024-02-26T08:33:36.646539" elapsed="0.000007"/>
</kw>
<kw name="Sleep" owner="BuiltIn">
<arg>3s</arg>
<doc>Pauses the test executed for the given time.</doc>
<status status="NOT RUN" start="2024-02-26T08:33:36.646577" elapsed="0.000007"/>
</kw>
<kw name="Input Text" owner="SeleniumLibrary">
<arg>${legal_bankCity}</arg>
<arg>${legal_bankCity_text}</arg>
<doc>Types the given ``text`` into the text field identified by ``locator``.</doc>
<status status="NOT RUN" start="2024-02-26T08:33:36.646615" elapsed="0.000007"/>
</kw>
<kw name="Sleep" owner="BuiltIn">
<arg>3s</arg>
<doc>Pauses the test executed for the given time.</doc>
<status status="NOT RUN" start="2024-02-26T08:33:36.646651" elapsed="0.000007"/>
</kw>
<kw name="Input Text" owner="SeleniumLibrary">
<arg>${legal_bankAccount}</arg>
<arg>${legal_bankAccount_text}</arg>
<doc>Types the given ``text`` into the text field identified by ``locator``.</doc>
<status status="NOT RUN" start="2024-02-26T08:33:36.646687" elapsed="0.000007"/>
</kw>
<kw name="Input Text" owner="SeleniumLibrary">
<arg>${leagal_cor}</arg>
<arg>${leagal_cor_text}</arg>
<doc>Types the given ``text`` into the text field identified by ``locator``.</doc>
<status status="NOT RUN" start="2024-02-26T08:33:36.646724" elapsed="0.000007"/>
</kw>
<kw name="Sleep" owner="BuiltIn">
<arg>3s</arg>
<doc>Pauses the test executed for the given time.</doc>
<status status="NOT RUN" start="2024-02-26T08:33:36.646760" elapsed="0.000007"/>
</kw>
<kw name="Input Text" owner="SeleniumLibrary">
<arg>${legal_contactPerson}</arg>
<arg>${legal_contactPerson_text}</arg>
<doc>Types the given ``text`` into the text field identified by ``locator``.</doc>
<status status="NOT RUN" start="2024-02-26T08:33:36.646795" elapsed="0.000007"/>
</kw>
<kw name="Input Text" owner="SeleniumLibrary">
<arg>${legal_placeholder}</arg>
<arg>${legal_placeholder_text}</arg>
<doc>Types the given ``text`` into the text field identified by ``locator``.</doc>
<status status="NOT RUN" start="2024-02-26T08:33:36.646831" elapsed="0.000007"/>
</kw>
<kw name="Input Text" owner="SeleniumLibrary">
<arg>${legal_corpEmail}</arg>
<arg>${legal_corpEmail_text}</arg>
<doc>Types the given ``text`` into the text field identified by ``locator``.</doc>
<status status="NOT RUN" start="2024-02-26T08:33:36.646868" elapsed="0.000007"/>
</kw>
<kw name="Input Text" owner="SeleniumLibrary">
<arg>${legal_userPosition}</arg>
<arg>${legal_userPosition_text}</arg>
<doc>Types the given ``text`` into the text field identified by ``locator``.</doc>
<status status="NOT RUN" start="2024-02-26T08:33:36.646904" elapsed="0.000007"/>
</kw>
<kw name="Input Text" owner="SeleniumLibrary">
<arg>${legal_directorFullName}</arg>
<arg>${legal_directorFullName_text}</arg>
<doc>Types the given ``text`` into the text field identified by ``locator``.</doc>
<status status="NOT RUN" start="2024-02-26T08:33:36.646939" elapsed="0.000007"/>
</kw>
<kw name="Input Text" owner="SeleniumLibrary">
<arg>${legal_directorEmail}</arg>
<arg>${legal_directorEmail_text}</arg>
<doc>Types the given ``text`` into the text field identified by ``locator``.</doc>
<status status="NOT RUN" start="2024-02-26T08:33:36.646975" elapsed="0.000007"/>
</kw>
<kw name="Input Text" owner="SeleniumLibrary">
<arg>${legal_chiefAccountant}</arg>
<arg>${legal_chiefAccountant_text}</arg>
<doc>Types the given ``text`` into the text field identified by ``locator``.</doc>
<status status="NOT RUN" start="2024-02-26T08:33:36.647012" elapsed="0.000007"/>
</kw>
<kw name="Input Text" owner="SeleniumLibrary">
<arg>${legal_AccountantEmail}</arg>
<arg>${legal_AccountantEmail_text}</arg>
<doc>Types the given ``text`` into the text field identified by ``locator``.</doc>
<status status="NOT RUN" start="2024-02-26T08:33:36.647049" elapsed="0.000006"/>
</kw>
<kw name="Sleep" owner="BuiltIn">
<arg>2s</arg>
<doc>Pauses the test executed for the given time.</doc>
<status status="NOT RUN" start="2024-02-26T08:33:36.647085" elapsed="0.000007"/>
</kw>
<kw name="Click Element" owner="SeleniumLibrary">
<arg>${add_counterparty_continue}</arg>
<doc>Click the element identified by ``locator``.</doc>
<status status="NOT RUN" start="2024-02-26T08:33:36.647123" elapsed="0.000007"/>
</kw>
<kw name="Sleep" owner="BuiltIn">
<arg>4s</arg>
<doc>Pauses the test executed for the given time.</doc>
<status status="NOT RUN" start="2024-02-26T08:33:36.647158" elapsed="0.000007"/>
</kw>
<kw name="Click Element" owner="SeleniumLibrary">
<arg>${сontinue_without_details}</arg>
<doc>Click the element identified by ``locator``.</doc>
<status status="NOT RUN" start="2024-02-26T08:33:36.647196" elapsed="0.000007"/>
</kw>
<status status="FAIL" start="2024-02-26T08:33:27.021599" elapsed="9.625724">Element with locator '//div[@class= 'css-1wyvf5z eyoh4ac0']' not found.</status>
</test>
<status status="FAIL" start="2024-02-26T08:32:55.229179" elapsed="41.418472"/>
</suite>
<statistics>
<total>
<stat pass="1" fail="3" skip="0">All Tests</stat>
</total>
<tag>
</tag>
<suite>
<stat pass="1" fail="3" skip="0" id="s1" name="Add Counterparty">Add Counterparty</stat>
</suite>
</statistics>
<errors>
<msg time="2024-02-26T08:32:55.365091" level="ERROR">Error in file '/Users/pavelmilyukov/PycharmProjects/robotframework/Tests/add_counterparty.robot' on line 5: Importing library 'AllureRobotframework' failed: ModuleNotFoundError: No module named 'AllureRobotframework'
Traceback (most recent call last):
  None
PYTHONPATH:
  /Library/Frameworks/Python.framework/Versions/3.11/lib/python3.11/site-packages
  /Library/Frameworks/Python.framework/Versions/3.11/lib/python311.zip
  /Library/Frameworks/Python.framework/Versions/3.11/lib/python3.11
  /Library/Frameworks/Python.framework/Versions/3.11/lib/python3.11/lib-dynload
  /Library/Frameworks/Python.framework/Versions/3.11/lib/python3.11/site-packages</msg>
</errors>
</robot>
