<?xml version="1.0" encoding="UTF-8"?>
<robot generator="Robot 7.0 (Python 3.11.3 on darwin)" generated="2024-02-25T23:51:58.200479" rpa="false" schemaversion="5">
<suite id="s1" name="Tests" source="/Users/pavelmilyukov/PycharmProjects/robotframework/Tests">
<suite id="s1-s1" name="1" source="/Users/pavelmilyukov/PycharmProjects/robotframework/Tests/1">
<suite id="s1-s1-s1" name="Auth IZ" source="/Users/pavelmilyukov/PycharmProjects/robotframework/Tests/1/Auth_IZ.robot">
<test id="s1-s1-s1-t1" name="Успешная авторизация:" line="11">
<kw name="Open Browser" owner="SeleniumLibrary">
<msg time="2024-02-25T23:51:58.322265" level="INFO">Opening browser 'chrome' to base url 'https://www.citilink.ru/'.</msg>
<arg>https://www.citilink.ru/</arg>
<arg>chrome</arg>
<arg>options=add_argument("--ignore-certificate-errors")</arg>
<doc>Opens a new browser instance to the optional ``url``.</doc>
<status status="PASS" start="2024-02-25T23:51:58.322129" elapsed="5.104732"/>
</kw>
<kw name="Maximize Browser Window" owner="SeleniumLibrary">
<doc>Maximizes current browser window.</doc>
<status status="PASS" start="2024-02-25T23:52:03.428517" elapsed="0.464554"/>
</kw>
<kw name="Click Element" owner="SeleniumLibrary">
<msg time="2024-02-25T23:52:03.894211" level="INFO">Clicking element '//div[@data-meta-name= 'UserButtonContainer' and @class= 'css-1vb2hqj e38q5fc0']'.</msg>
<arg>${catalogButton}</arg>
<doc>Click the element identified by ``locator``.</doc>
<status status="PASS" start="2024-02-25T23:52:03.893786" elapsed="0.086417"/>
</kw>
<kw name="Input Text" owner="SeleniumLibrary">
<msg time="2024-02-25T23:52:03.980930" level="INFO">Typing text '79210021200' into text field 'login'.</msg>
<arg>login</arg>
<arg>79210021200</arg>
<doc>Types the given ``text`` into the text field identified by ``locator``.</doc>
<status status="PASS" start="2024-02-25T23:52:03.980773" elapsed="0.138699"/>
</kw>
<kw name="Input Password" owner="SeleniumLibrary">
<msg time="2024-02-25T23:52:04.120374" level="INFO">Typing password into text field 'pass'.</msg>
<msg time="2024-02-25T23:52:04.166775" level="INFO">Temporally setting log level to: NONE</msg>
<arg>pass</arg>
<arg>yfujhirtcbltkrjhjkm</arg>
<doc>Types the given password into the text field identified by ``locator``.</doc>
<status status="PASS" start="2024-02-25T23:52:04.120211" elapsed="0.119351"/>
</kw>
<kw name="Wait Until Page Contains Element" owner="SeleniumLibrary">
<arg>${enterButton}</arg>
<doc>Waits until the element ``locator`` appears on the current page.</doc>
<status status="PASS" start="2024-02-25T23:52:04.240486" elapsed="2.785889"/>
</kw>
<kw name="Click Element" owner="SeleniumLibrary">
<msg time="2024-02-25T23:52:07.027143" level="INFO">Clicking element '//button[@class= 'e4uhfkv0 css-1nvnwij e4mggex0']'.</msg>
<arg>${enterButton}</arg>
<doc>Click the element identified by ``locator``.</doc>
<status status="PASS" start="2024-02-25T23:52:07.026826" elapsed="3.279924"/>
</kw>
<kw name="Close Browser" owner="SeleniumLibrary">
<doc>Closes the current browser.</doc>
<status status="PASS" start="2024-02-25T23:52:10.309807" elapsed="0.088352"/>
</kw>
<status status="PASS" start="2024-02-25T23:51:58.321645" elapsed="12.076735"/>
</test>
<test id="s1-s1-s1-t2" name="Запуск браузера и формы авторизации:" line="21">
<kw name="Open Browser" owner="SeleniumLibrary">
<msg time="2024-02-25T23:52:10.399986" level="INFO">Opening browser 'chrome' to base url 'https://www.citilink.ru/'.</msg>
<arg>https://www.citilink.ru/</arg>
<arg>chrome</arg>
<arg>options=add_argument("--ignore-certificate-errors")</arg>
<doc>Opens a new browser instance to the optional ``url``.</doc>
<status status="PASS" start="2024-02-25T23:52:10.399840" elapsed="4.347838"/>
</kw>
<kw name="Maximize Browser Window" owner="SeleniumLibrary">
<doc>Maximizes current browser window.</doc>
<status status="PASS" start="2024-02-25T23:52:14.748775" elapsed="0.459061"/>
</kw>
<kw name="Page Should Contain" owner="SeleniumLibrary">
<msg time="2024-02-25T23:52:15.221508" level="INFO">Current page contains text 'Войти'.</msg>
<arg>Войти</arg>
<doc>Verifies that current page contains ``text``.</doc>
<status status="PASS" start="2024-02-25T23:52:15.208068" elapsed="0.013529"/>
</kw>
<kw name="Click Element" owner="SeleniumLibrary">
<msg time="2024-02-25T23:52:15.222620" level="INFO">Clicking element '//div[@data-meta-name= 'UserButtonContainer' and @class= 'css-1vb2hqj e38q5fc0']'.</msg>
<arg>${catalogButton}</arg>
<doc>Click the element identified by ``locator``.</doc>
<status status="PASS" start="2024-02-25T23:52:15.222430" elapsed="0.077313"/>
</kw>
<status status="PASS" start="2024-02-25T23:52:10.399532" elapsed="4.901784"/>
</test>
<test id="s1-s1-s1-t3" name="Пустой логин:" line="27">
<kw name="Input Text" owner="SeleniumLibrary">
<msg time="2024-02-25T23:52:15.303617" level="INFO">Typing text '' into text field 'login'.</msg>
<arg>login</arg>
<arg>${EMPTY}</arg>
<doc>Types the given ``text`` into the text field identified by ``locator``.</doc>
<status status="PASS" start="2024-02-25T23:52:15.303062" elapsed="0.064207"/>
</kw>
<kw name="Input Password" owner="SeleniumLibrary">
<msg time="2024-02-25T23:52:15.367838" level="INFO">Typing password into text field 'pass'.</msg>
<msg time="2024-02-25T23:52:15.397840" level="INFO">Temporally setting log level to: NONE</msg>
<arg>pass</arg>
<arg>yfujhirtcbltkrjh</arg>
<doc>Types the given password into the text field identified by ``locator``.</doc>
<status status="PASS" start="2024-02-25T23:52:15.367713" elapsed="0.128778"/>
</kw>
<kw name="Wait Until Page Contains Element" owner="SeleniumLibrary">
<arg>${enterButton}</arg>
<doc>Waits until the element ``locator`` appears on the current page.</doc>
<status status="PASS" start="2024-02-25T23:52:15.497113" elapsed="2.789893"/>
</kw>
<kw name="Click Element" owner="SeleniumLibrary">
<msg time="2024-02-25T23:52:18.287613" level="INFO">Clicking element '//button[@class= 'e4uhfkv0 css-1nvnwij e4mggex0']'.</msg>
<arg>${enterButton}</arg>
<doc>Click the element identified by ``locator``.</doc>
<status status="PASS" start="2024-02-25T23:52:18.287370" elapsed="0.037344"/>
</kw>
<kw name="Wait Until Page Contains" owner="SeleniumLibrary">
<arg>Регистрация</arg>
<arg>timeout=7s</arg>
<doc>Waits until ``text`` appears on the current page.</doc>
<status status="PASS" start="2024-02-25T23:52:18.325600" elapsed="0.012581"/>
</kw>
<status status="PASS" start="2024-02-25T23:52:15.302772" elapsed="3.035609"/>
</test>
<test id="s1-s1-s1-t4" name="Некорректный номер телефона" line="34">
<kw name="Input Text" owner="SeleniumLibrary">
<msg time="2024-02-25T23:52:18.340168" level="INFO">Typing text '79210021200l' into text field 'login'.</msg>
<arg>login</arg>
<arg>79210021200l</arg>
<doc>Types the given ``text`` into the text field identified by ``locator``.</doc>
<status status="PASS" start="2024-02-25T23:52:18.340035" elapsed="0.049881"/>
</kw>
<kw name="Input Password" owner="SeleniumLibrary">
<msg time="2024-02-25T23:52:18.390687" level="INFO">Typing password into text field 'pass'.</msg>
<msg time="2024-02-25T23:52:18.422337" level="INFO">Temporally setting log level to: NONE</msg>
<arg>pass</arg>
<arg>yfujhirtcbltkrjh</arg>
<doc>Types the given password into the text field identified by ``locator``.</doc>
<status status="PASS" start="2024-02-25T23:52:18.390557" elapsed="0.078279"/>
</kw>
<kw name="Wait Until Page Contains" owner="SeleniumLibrary">
<arg>Введите правильный телефон или email</arg>
<doc>Waits until ``text`` appears on the current page.</doc>
<status status="PASS" start="2024-02-25T23:52:18.472735" elapsed="0.457413"/>
</kw>
<status status="PASS" start="2024-02-25T23:52:18.339780" elapsed="0.590738"/>
</test>
<test id="s1-s1-s1-t5" name="Некорректный email с кирилицей:" line="39">
<kw name="Input Text" owner="SeleniumLibrary">
<msg time="2024-02-25T23:52:18.933414" level="INFO">Typing text '79210@yu.rrrrява' into text field 'login'.</msg>
<arg>login</arg>
<arg>79210@yu.rrrrява</arg>
<doc>Types the given ``text`` into the text field identified by ``locator``.</doc>
<status status="PASS" start="2024-02-25T23:52:18.933130" elapsed="0.067383"/>
</kw>
<kw name="Input Password" owner="SeleniumLibrary">
<msg time="2024-02-25T23:52:19.001509" level="INFO">Typing password into text field 'pass'.</msg>
<msg time="2024-02-25T23:52:19.027059" level="INFO">Temporally setting log level to: NONE</msg>
<arg>pass</arg>
<arg>yfujhirtcbltkrjh</arg>
<doc>Types the given password into the text field identified by ``locator``.</doc>
<status status="PASS" start="2024-02-25T23:52:19.001383" elapsed="0.066603"/>
</kw>
<kw name="Wait Until Page Contains" owner="SeleniumLibrary">
<arg>Введите правильный телефон или email</arg>
<doc>Waits until ``text`` appears on the current page.</doc>
<status status="PASS" start="2024-02-25T23:52:19.069210" elapsed="0.007471"/>
</kw>
<status status="PASS" start="2024-02-25T23:52:18.932424" elapsed="0.144446"/>
</test>
<test id="s1-s1-s1-t6" name="Email латиницей,но некорректный формат почты:" line="44">
<kw name="Input Text" owner="SeleniumLibrary">
<msg time="2024-02-25T23:52:19.078291" level="INFO">Typing text '79210@yu.@.@.@sdsd@zsd@.rr' into text field 'login'.</msg>
<arg>login</arg>
<arg>79210@yu.@.@.@sdsd@zsd@.rr</arg>
<doc>Types the given ``text`` into the text field identified by ``locator``.</doc>
<status status="PASS" start="2024-02-25T23:52:19.078150" elapsed="0.062800"/>
</kw>
<kw name="Input Password" owner="SeleniumLibrary">
<msg time="2024-02-25T23:52:19.142421" level="INFO">Typing password into text field 'pass'.</msg>
<msg time="2024-02-25T23:52:19.160979" level="INFO">Temporally setting log level to: NONE</msg>
<arg>pass</arg>
<arg>yfujhirtcbltkrjh</arg>
<doc>Types the given password into the text field identified by ``locator``.</doc>
<status status="PASS" start="2024-02-25T23:52:19.142295" elapsed="0.057677"/>
</kw>
<kw name="Wait Until Page Contains" owner="SeleniumLibrary">
<arg>Введите правильный телефон или email</arg>
<doc>Waits until ``text`` appears on the current page.</doc>
<status status="PASS" start="2024-02-25T23:52:19.200454" elapsed="0.007634"/>
</kw>
<status status="PASS" start="2024-02-25T23:52:19.077836" elapsed="0.130451"/>
</test>
<test id="s1-s1-s1-t7" name="Неверный логин или пароль" line="49">
<kw name="Input Text" owner="SeleniumLibrary">
<msg time="2024-02-25T23:52:19.209546" level="INFO">Typing text '79210021200' into text field 'login'.</msg>
<arg>login</arg>
<arg>79210021200</arg>
<doc>Types the given ``text`` into the text field identified by ``locator``.</doc>
<status status="PASS" start="2024-02-25T23:52:19.209442" elapsed="0.052339"/>
</kw>
<kw name="Input Password" owner="SeleniumLibrary">
<msg time="2024-02-25T23:52:19.263131" level="INFO">Typing password into text field 'pass'.</msg>
<msg time="2024-02-25T23:52:19.282016" level="INFO">Temporally setting log level to: NONE</msg>
<arg>pass</arg>
<arg>yfujhirtcbltkr%%</arg>
<doc>Types the given password into the text field identified by ``locator``.</doc>
<status status="PASS" start="2024-02-25T23:52:19.262979" elapsed="0.054604"/>
</kw>
<kw name="Wait Until Page Contains Element" owner="SeleniumLibrary">
<arg>${enterButton}</arg>
<doc>Waits until the element ``locator`` appears on the current page.</doc>
<status status="PASS" start="2024-02-25T23:52:19.318066" elapsed="0.005194"/>
</kw>
<kw name="Click Element" owner="SeleniumLibrary">
<msg time="2024-02-25T23:52:19.323710" level="INFO">Clicking element '//button[@class= 'e4uhfkv0 css-1nvnwij e4mggex0']'.</msg>
<arg>${enterButton}</arg>
<doc>Click the element identified by ``locator``.</doc>
<status status="PASS" start="2024-02-25T23:52:19.323568" elapsed="0.020063"/>
</kw>
<kw name="Wait Until Page Contains" owner="SeleniumLibrary">
<arg>Забыли пароль</arg>
<doc>Waits until ``text`` appears on the current page.</doc>
<status status="PASS" start="2024-02-25T23:52:19.344092" elapsed="0.012330"/>
</kw>
<kw name="Close Browser" owner="SeleniumLibrary">
<doc>Closes the current browser.</doc>
<status status="PASS" start="2024-02-25T23:52:19.356641" elapsed="0.089716"/>
</kw>
<status status="PASS" start="2024-02-25T23:52:19.209244" elapsed="0.237304"/>
</test>
<status status="PASS" start="2024-02-25T23:51:58.241905" elapsed="21.205788"/>
</suite>
<suite id="s1-s1-s2" name="Check LK FL 1 IZ" source="/Users/pavelmilyukov/PycharmProjects/robotframework/Tests/1/Check_LK_FL_1_IZ.robot">
<test id="s1-s1-s2-t1" name="Успешная авторизация:" line="50">
<kw name="Open Browser" owner="SeleniumLibrary">
<msg time="2024-02-25T23:52:19.452215" level="INFO">Opening browser 'chrome' to base url 'https://www.citilink.ru/'.</msg>
<arg>https://www.citilink.ru/</arg>
<arg>chrome</arg>
<arg>options=add_argument("--ignore-certificate-errors")</arg>
<doc>Opens a new browser instance to the optional ``url``.</doc>
<status status="PASS" start="2024-02-25T23:52:19.452073" elapsed="4.365030"/>
</kw>
<kw name="Maximize Browser Window" owner="SeleniumLibrary">
<doc>Maximizes current browser window.</doc>
<status status="PASS" start="2024-02-25T23:52:23.818314" elapsed="0.467085"/>
</kw>
<kw name="Click Element" owner="SeleniumLibrary">
<msg time="2024-02-25T23:52:24.285867" level="INFO">Clicking element '//div[@data-meta-name= 'UserButtonContainer' and @class= 'css-1vb2hqj e38q5fc0']'.</msg>
<arg>${catalogButton}</arg>
<doc>Click the element identified by ``locator``.</doc>
<status status="PASS" start="2024-02-25T23:52:24.285643" elapsed="0.082850"/>
</kw>
<kw name="Input Text" owner="SeleniumLibrary">
<msg time="2024-02-25T23:52:24.369599" level="INFO">Typing text '79210021200' into text field 'login'.</msg>
<arg>login</arg>
<arg>79210021200</arg>
<doc>Types the given ``text`` into the text field identified by ``locator``.</doc>
<status status="PASS" start="2024-02-25T23:52:24.369421" elapsed="0.116492"/>
</kw>
<kw name="Input Password" owner="SeleniumLibrary">
<msg time="2024-02-25T23:52:24.486797" level="INFO">Typing password into text field 'pass'.</msg>
<msg time="2024-02-25T23:52:24.525932" level="INFO">Temporally setting log level to: NONE</msg>
<arg>pass</arg>
<arg>yfujhirtcbltkrjhjkm</arg>
<doc>Types the given password into the text field identified by ``locator``.</doc>
<status status="PASS" start="2024-02-25T23:52:24.486667" elapsed="0.093850"/>
</kw>
<kw name="Wait Until Page Contains Element" owner="SeleniumLibrary">
<arg>${enterButton}</arg>
<doc>Waits until the element ``locator`` appears on the current page.</doc>
<status status="PASS" start="2024-02-25T23:52:24.581051" elapsed="2.811904"/>
</kw>
<kw name="Click Element" owner="SeleniumLibrary">
<msg time="2024-02-25T23:52:27.393507" level="INFO">Clicking element '//button[@class= 'e4uhfkv0 css-1nvnwij e4mggex0']'.</msg>
<arg>${enterButton}</arg>
<doc>Click the element identified by ``locator``.</doc>
<status status="PASS" start="2024-02-25T23:52:27.393288" elapsed="3.283095"/>
</kw>
<status status="PASS" start="2024-02-25T23:52:19.451821" elapsed="11.225104"/>
</test>
<test id="s1-s1-s2-t2" name="Вход в Профиль:" line="58">
<kw name="Click Element" owner="SeleniumLibrary">
<msg time="2024-02-25T23:52:30.679837" level="INFO">Clicking element '//div[@class='ez0atuc0 css-1tq23wq e17f7xo00']'.</msg>
<arg>${EnterProfile}</arg>
<doc>Click the element identified by ``locator``.</doc>
<status status="PASS" start="2024-02-25T23:52:30.679663" elapsed="0.050414"/>
</kw>
<kw name="Click Element" owner="SeleniumLibrary">
<msg time="2024-02-25T23:52:30.731684" level="INFO">Clicking element '//a[@data-meta-name='ProfileMenu_Item_Мой профиль']'.</msg>
<arg>${EnterProfile2}</arg>
<doc>Click the element identified by ``locator``.</doc>
<status status="PASS" start="2024-02-25T23:52:30.731405" elapsed="1.167583"/>
</kw>
<kw name="Wait Until Page Contains" owner="SeleniumLibrary">
<arg>Настройки профиля</arg>
<doc>Waits until ``text`` appears on the current page.</doc>
<status status="PASS" start="2024-02-25T23:52:31.899649" elapsed="0.476300"/>
</kw>
<status status="PASS" start="2024-02-25T23:52:30.679389" elapsed="1.696824"/>
</test>
<test id="s1-s1-s2-t3" name="Открытие списка заказов:" line="64">
<kw name="Wait Until Page Contains Element" owner="SeleniumLibrary">
<arg>${SalesHeader}</arg>
<doc>Waits until the element ``locator`` appears on the current page.</doc>
<status status="PASS" start="2024-02-25T23:52:32.379483" elapsed="0.007572"/>
</kw>
<kw name="Click Element" owner="SeleniumLibrary">
<msg time="2024-02-25T23:52:32.387511" level="INFO">Clicking element '//div[@class="css-st5l3k e1sj978x0"]/div[1]'.</msg>
<arg>${SalesHeader}</arg>
<doc>Click the element identified by ``locator``.</doc>
<status status="PASS" start="2024-02-25T23:52:32.387300" elapsed="0.054138"/>
</kw>
<kw name="Wait Until Page Contains" owner="SeleniumLibrary">
<arg>Сравнение товаров</arg>
<doc>Waits until ``text`` appears on the current page.</doc>
<status status="PASS" start="2024-02-25T23:52:32.442766" elapsed="0.013425"/>
</kw>
<kw name="Click Element" owner="SeleniumLibrary">
<msg time="2024-02-25T23:52:32.456556" level="INFO">Clicking element '//a[@data-meta-name="ProfileMenu_Item" and @href="/profile/orders/" and @class="css-1k0cnlg e1mnvjgw0"]'.</msg>
<arg>${SalesHeader2}</arg>
<doc>Click the element identified by ``locator``.</doc>
<status status="PASS" start="2024-02-25T23:52:32.456407" elapsed="0.034990"/>
</kw>
<kw name="Wait Until Page Contains" owner="SeleniumLibrary">
<arg>Развернуть все заказы</arg>
<doc>Waits until ``text`` appears on the current page.</doc>
<status status="PASS" start="2024-02-25T23:52:32.492515" elapsed="0.010285"/>
</kw>
<kw name="Go Back" owner="SeleniumLibrary">
<doc>Simulates the user clicking the back button on their browser.</doc>
<status status="PASS" start="2024-02-25T23:52:32.503001" elapsed="0.009989"/>
</kw>
<kw name="Wait Until Page Contains" owner="SeleniumLibrary">
<arg>Профиль</arg>
<doc>Waits until ``text`` appears on the current page.</doc>
<status status="PASS" start="2024-02-25T23:52:32.513209" elapsed="0.011561"/>
</kw>
<status status="PASS" start="2024-02-25T23:52:32.379177" elapsed="0.145771"/>
</test>
<test id="s1-s1-s2-t4" name="Открытие корзины:" line="72">
<kw name="Click Element" owner="SeleniumLibrary">
<msg time="2024-02-25T23:52:32.527380" level="INFO">Clicking element '//span[.='Корзина' and @class="css-1345oul e6pb4it0"]'.</msg>
<arg>${SalesHeaderGarbage}</arg>
<doc>Click the element identified by ``locator``.</doc>
<status status="PASS" start="2024-02-25T23:52:32.527236" elapsed="31.217783"/>
</kw>
<kw name="Wait Until Page Contains" owner="SeleniumLibrary">
<arg>В корзине нет товаров</arg>
<doc>Waits until ``text`` appears on the current page.</doc>
<status status="PASS" start="2024-02-25T23:53:03.745932" elapsed="0.009833"/>
</kw>
<status status="PASS" start="2024-02-25T23:52:32.526948" elapsed="31.229087"/>
</test>
<test id="s1-s1-s2-t5" name="Возврат в &quot;профиль&quot;:" line="75">
<kw name="Go Back" owner="SeleniumLibrary">
<doc>Simulates the user clicking the back button on their browser.</doc>
<status status="PASS" start="2024-02-25T23:53:03.758510" elapsed="0.915361"/>
</kw>
<kw name="Wait Until Page Contains" owner="SeleniumLibrary">
<arg>Профиль</arg>
<doc>Waits until ``text`` appears on the current page.</doc>
<status status="PASS" start="2024-02-25T23:53:04.674354" elapsed="0.681017"/>
</kw>
<status status="PASS" start="2024-02-25T23:53:03.758259" elapsed="1.597478"/>
</test>
<test id="s1-s1-s2-t6" name="Сравнение товаров:" line="78">
<kw name="Wait Until Page Contains Element" owner="SeleniumLibrary">
<arg>${SalesHeader}</arg>
<doc>Waits until the element ``locator`` appears on the current page.</doc>
<status status="PASS" start="2024-02-25T23:53:05.359378" elapsed="0.009957"/>
</kw>
<kw name="Click Element" owner="SeleniumLibrary">
<msg time="2024-02-25T23:53:05.369812" level="INFO">Clicking element '//div[@class="css-st5l3k e1sj978x0"]/div[1]'.</msg>
<arg>${SalesHeader}</arg>
<doc>Click the element identified by ``locator``.</doc>
<status status="PASS" start="2024-02-25T23:53:05.369602" elapsed="0.043047"/>
</kw>
<kw name="Wait Until Page Contains" owner="SeleniumLibrary">
<arg>Сравнение товаров</arg>
<doc>Waits until ``text`` appears on the current page.</doc>
<status status="PASS" start="2024-02-25T23:53:05.413531" elapsed="0.015236"/>
</kw>
<kw name="Click Element" owner="SeleniumLibrary">
<msg time="2024-02-25T23:53:05.429107" level="INFO">Clicking element '//span[.='Сравнение товаров' and @class="css-1345oul e6pb4it0"]'.</msg>
<arg>${SalesItemCompare}</arg>
<doc>Click the element identified by ``locator``.</doc>
<status status="PASS" start="2024-02-25T23:53:05.428972" elapsed="1.711818"/>
</kw>
<kw name="Wait Until Page Contains" owner="SeleniumLibrary">
<arg>Нет товаров для сравнения</arg>
<doc>Waits until ``text`` appears on the current page.</doc>
<status status="PASS" start="2024-02-25T23:53:07.141287" elapsed="0.010027"/>
</kw>
<kw name="Go Back" owner="SeleniumLibrary">
<doc>Simulates the user clicking the back button on their browser.</doc>
<status status="PASS" start="2024-02-25T23:53:07.151519" elapsed="0.488727"/>
</kw>
<kw name="Wait Until Page Contains" owner="SeleniumLibrary">
<arg>Профиль</arg>
<doc>Waits until ``text`` appears on the current page.</doc>
<status status="PASS" start="2024-02-25T23:53:07.640450" elapsed="0.674990"/>
</kw>
<status status="PASS" start="2024-02-25T23:53:05.359037" elapsed="2.956713"/>
</test>
<test id="s1-s1-s2-t7" name="Проверка Избранное:" line="86">
<kw name="Wait Until Page Contains Element" owner="SeleniumLibrary">
<arg>${SalesHeader}</arg>
<doc>Waits until the element ``locator`` appears on the current page.</doc>
<status status="PASS" start="2024-02-25T23:53:08.319296" elapsed="0.006380"/>
</kw>
<kw name="Click Element" owner="SeleniumLibrary">
<msg time="2024-02-25T23:53:08.326109" level="INFO">Clicking element '//div[@class="css-st5l3k e1sj978x0"]/div[1]'.</msg>
<arg>${SalesHeader}</arg>
<doc>Click the element identified by ``locator``.</doc>
<status status="PASS" start="2024-02-25T23:53:08.325923" elapsed="0.029936"/>
</kw>
<kw name="Wait Until Page Contains" owner="SeleniumLibrary">
<arg>Сравнение товаров</arg>
<doc>Waits until ``text`` appears on the current page.</doc>
<status status="PASS" start="2024-02-25T23:53:08.358685" elapsed="0.023984"/>
</kw>
<kw name="Click Element" owner="SeleniumLibrary">
<msg time="2024-02-25T23:53:08.383174" level="INFO">Clicking element '//span[.='Избранное' and @class="css-1345oul e6pb4it0"]'.</msg>
<arg>${SalesFavorite}</arg>
<doc>Click the element identified by ``locator``.</doc>
<status status="PASS" start="2024-02-25T23:53:08.383011" elapsed="0.987829"/>
</kw>
<kw name="Wait Until Page Contains" owner="SeleniumLibrary">
<arg>В списке желаемых покупок нет товаров</arg>
<doc>Waits until ``text`` appears on the current page.</doc>
<status status="PASS" start="2024-02-25T23:53:09.372357" elapsed="0.008525"/>
</kw>
<kw name="Go Back" owner="SeleniumLibrary">
<doc>Simulates the user clicking the back button on their browser.</doc>
<status status="PASS" start="2024-02-25T23:53:09.381105" elapsed="0.295173"/>
</kw>
<kw name="Wait Until Page Contains" owner="SeleniumLibrary">
<arg>Профиль</arg>
<doc>Waits until ``text`` appears on the current page.</doc>
<status status="PASS" start="2024-02-25T23:53:09.676520" elapsed="0.673514"/>
</kw>
<status status="PASS" start="2024-02-25T23:53:08.318960" elapsed="2.031441"/>
</test>
<test id="s1-s1-s2-t8" name="Проверка &quot;бонусы&quot;:" line="94">
<kw name="Click Element" owner="SeleniumLibrary">
<msg time="2024-02-25T23:53:10.355391" level="INFO">Clicking element '//span[.='Бонусы' and @class="css-1345oul e6pb4it0"]'.</msg>
<arg>${Bonus}</arg>
<doc>Click the element identified by ``locator``.</doc>
<status status="PASS" start="2024-02-25T23:53:10.355211" elapsed="0.040049"/>
</kw>
<kw name="Wait Until Page Contains" owner="SeleniumLibrary">
<arg>Мой статус</arg>
<doc>Waits until ``text`` appears on the current page.</doc>
<status status="PASS" start="2024-02-25T23:53:10.395975" elapsed="0.010485"/>
</kw>
<status status="PASS" start="2024-02-25T23:53:10.354933" elapsed="0.051744"/>
</test>
<test id="s1-s1-s2-t9" name="Проверка &quot;панель эксперта&quot;:" line="97">
<kw name="Click Element" owner="SeleniumLibrary">
<msg time="2024-02-25T23:53:10.408856" level="INFO">Clicking element '//span[.='Панель эксперта' and @class="css-1345oul e6pb4it0"]'.</msg>
<arg>${ExpertPanel}</arg>
<doc>Click the element identified by ``locator``.</doc>
<status status="PASS" start="2024-02-25T23:53:10.408715" elapsed="0.031729"/>
</kw>
<kw name="Wait Until Page Contains" owner="SeleniumLibrary">
<arg>Панель Эксперта у вас неактивна</arg>
<doc>Waits until ``text`` appears on the current page.</doc>
<status status="PASS" start="2024-02-25T23:53:10.442230" elapsed="0.012208"/>
</kw>
<kw name="Sleep" owner="BuiltIn">
<msg time="2024-02-25T23:53:12.456347" level="INFO">Slept 2 seconds.</msg>
<arg>2s</arg>
<doc>Pauses the test executed for the given time.</doc>
<status status="PASS" start="2024-02-25T23:53:10.454996" elapsed="2.001652"/>
</kw>
<status status="PASS" start="2024-02-25T23:53:10.408494" elapsed="2.050233"/>
</test>
<test id="s1-s1-s2-t10" name="Проверка &quot;Доставка&quot;:" line="102">
<kw name="Click Element" owner="SeleniumLibrary">
<msg time="2024-02-25T23:53:12.465963" level="INFO">Clicking element '//span[.='Доставка' and @class="css-1345oul e6pb4it0"]'.</msg>
<arg>${ProfileDelivery}</arg>
<doc>Click the element identified by ``locator``.</doc>
<status status="PASS" start="2024-02-25T23:53:12.465601" elapsed="0.049777"/>
</kw>
<kw name="Wait Until Page Contains" owner="SeleniumLibrary">
<arg>Получатели</arg>
<doc>Waits until ``text`` appears on the current page.</doc>
<status status="PASS" start="2024-02-25T23:53:12.516476" elapsed="0.468782"/>
</kw>
<kw name="Sleep" owner="BuiltIn">
<msg time="2024-02-25T23:53:14.988370" level="INFO">Slept 2 seconds.</msg>
<arg>2s</arg>
<doc>Pauses the test executed for the given time.</doc>
<status status="PASS" start="2024-02-25T23:53:12.985649" elapsed="2.002871"/>
</kw>
<status status="PASS" start="2024-02-25T23:53:12.464953" elapsed="2.524436"/>
</test>
<test id="s1-s1-s2-t11" name="Проверка &quot;Гарантийный отдел&quot;:" line="108">
<kw name="Click Element" owner="SeleniumLibrary">
<msg time="2024-02-25T23:53:14.993749" level="INFO">Clicking element '//span[.='Гарантийный отдел' and @class="css-1345oul e6pb4it0"]'.</msg>
<arg>${ProfileWarranty}</arg>
<doc>Click the element identified by ``locator``.</doc>
<status status="PASS" start="2024-02-25T23:53:14.993515" elapsed="0.052627"/>
</kw>
<kw name="Wait Until Page Contains" owner="SeleniumLibrary">
<arg>Проверка статуса товара, сданного на гарантийное обслуживание</arg>
<doc>Waits until ``text`` appears on the current page.</doc>
<status status="PASS" start="2024-02-25T23:53:15.048005" elapsed="0.009753"/>
</kw>
<kw name="Sleep" owner="BuiltIn">
<msg time="2024-02-25T23:53:17.059595" level="INFO">Slept 2 seconds.</msg>
<arg>2s</arg>
<doc>Pauses the test executed for the given time.</doc>
<status status="PASS" start="2024-02-25T23:53:15.057975" elapsed="2.001969"/>
</kw>
<status status="PASS" start="2024-02-25T23:53:14.993107" elapsed="2.069411"/>
</test>
<test id="s1-s1-s2-t12" name="Проверка &quot;Настройки профиля&quot;:" line="114">
<kw name="Click Element" owner="SeleniumLibrary">
<msg time="2024-02-25T23:53:17.070249" level="INFO">Clicking element '//span[.='Настройки профиля' and @class="css-1345oul e6pb4it0"]'.</msg>
<arg>${SetupProfile}</arg>
<doc>Click the element identified by ``locator``.</doc>
<status status="PASS" start="2024-02-25T23:53:17.069922" elapsed="0.067141"/>
</kw>
<kw name="Wait Until Page Contains" owner="SeleniumLibrary">
<arg>Личные данные</arg>
<doc>Waits until ``text`` appears on the current page.</doc>
<status status="PASS" start="2024-02-25T23:53:17.138799" elapsed="0.010642"/>
</kw>
<kw name="Sleep" owner="BuiltIn">
<msg time="2024-02-25T23:53:19.152472" level="INFO">Slept 2 seconds.</msg>
<arg>2s</arg>
<doc>Pauses the test executed for the given time.</doc>
<status status="PASS" start="2024-02-25T23:53:17.149727" elapsed="2.003088"/>
</kw>
<status status="PASS" start="2024-02-25T23:53:17.069216" elapsed="2.085588"/>
</test>
<test id="s1-s1-s2-t13" name="Проверка &quot;Кабинет для бизнеса&quot;:" line="120">
<kw name="Click Element" owner="SeleniumLibrary">
<msg time="2024-02-25T23:53:19.162745" level="INFO">Clicking element '//span[.='Кабинет для бизнеса' and @class="css-1345oul e6pb4it0"]'.</msg>
<arg>${LKBuisness}</arg>
<doc>Click the element identified by ``locator``.</doc>
<status status="PASS" start="2024-02-25T23:53:19.162284" elapsed="1.805080"/>
</kw>
<kw name="Wait Until Page Contains" owner="SeleniumLibrary">
<arg>Представителям компаний</arg>
<doc>Waits until ``text`` appears on the current page.</doc>
<status status="PASS" start="2024-02-25T23:53:20.968279" elapsed="0.012645"/>
</kw>
<kw name="Go Back" owner="SeleniumLibrary">
<doc>Simulates the user clicking the back button on their browser.</doc>
<status status="PASS" start="2024-02-25T23:53:20.981151" elapsed="0.403956"/>
</kw>
<kw name="Wait Until Page Contains Element" owner="SeleniumLibrary">
<arg>${MyProfile}</arg>
<doc>Waits until the element ``locator`` appears on the current page.</doc>
<status status="PASS" start="2024-02-25T23:53:21.385342" elapsed="0.640997"/>
</kw>
<kw name="Click Element" owner="SeleniumLibrary">
<msg time="2024-02-25T23:53:22.027020" level="INFO">Clicking element '//span[.='Мой профиль' and @class="css-1345oul e6pb4it0"]'.</msg>
<arg>${MyProfile}</arg>
<doc>Click the element identified by ``locator``.</doc>
<status status="PASS" start="2024-02-25T23:53:22.026741" elapsed="0.051418"/>
</kw>
<kw name="Wait Until Page Contains" owner="SeleniumLibrary">
<arg>Дата сгорания бонусов</arg>
<doc>Waits until ``text`` appears on the current page.</doc>
<status status="PASS" start="2024-02-25T23:53:22.078871" elapsed="0.014529"/>
</kw>
<kw name="Sleep" owner="BuiltIn">
<msg time="2024-02-25T23:53:24.094133" level="INFO">Slept 2 seconds.</msg>
<arg>2s</arg>
<doc>Pauses the test executed for the given time.</doc>
<status status="PASS" start="2024-02-25T23:53:22.093645" elapsed="2.000586"/>
</kw>
<status status="PASS" start="2024-02-25T23:53:19.161302" elapsed="4.933880"/>
</test>
<test id="s1-s1-s2-t14" name="Проверка &quot;активность&quot;- &quot;Лента&quot;:" line="130">
<kw name="Click Element" owner="SeleniumLibrary">
<msg time="2024-02-25T23:53:24.098664" level="INFO">Clicking element '//span[.='Активность' and @class="css-1345oul e6pb4it0"]'.</msg>
<arg>${Activity}</arg>
<doc>Click the element identified by ``locator``.</doc>
<status status="PASS" start="2024-02-25T23:53:24.098479" elapsed="0.027068"/>
</kw>
<kw name="Wait Until Page Contains Element" owner="SeleniumLibrary">
<arg>${ActivityLent}</arg>
<doc>Waits until the element ``locator`` appears on the current page.</doc>
<status status="PASS" start="2024-02-25T23:53:24.126746" elapsed="0.007456"/>
</kw>
<kw name="Click Element" owner="SeleniumLibrary">
<msg time="2024-02-25T23:53:24.134602" level="INFO">Clicking element '//span[.='Лента' and @class="css-1345oul e6pb4it0"]'.</msg>
<arg>${ActivityLent}</arg>
<doc>Click the element identified by ``locator``.</doc>
<status status="PASS" start="2024-02-25T23:53:24.134441" elapsed="1.443279"/>
</kw>
<kw name="Wait Until Page Contains" owner="SeleniumLibrary">
<arg>Вы пока не оставили</arg>
<doc>Waits until ``text`` appears on the current page.</doc>
<status status="PASS" start="2024-02-25T23:53:25.578533" elapsed="0.008094"/>
</kw>
<kw name="Go Back" owner="SeleniumLibrary">
<doc>Simulates the user clicking the back button on their browser.</doc>
<status status="PASS" start="2024-02-25T23:53:25.587181" elapsed="0.602346"/>
</kw>
<kw name="Wait Until Page Contains Element" owner="SeleniumLibrary">
<arg>${MyProfile4}</arg>
<doc>Waits until the element ``locator`` appears on the current page.</doc>
<status status="PASS" start="2024-02-25T23:53:26.189925" elapsed="0.641406"/>
</kw>
<kw name="Click Element" owner="SeleniumLibrary">
<msg time="2024-02-25T23:53:26.832105" level="INFO">Clicking element '//span[.='Мой профиль' and @class="css-12cisdp e6pb4it0"]'.</msg>
<arg>${MyProfile4}</arg>
<doc>Click the element identified by ``locator``.</doc>
<status status="PASS" start="2024-02-25T23:53:26.831786" elapsed="0.053942"/>
</kw>
<kw name="Wait Until Page Contains" owner="SeleniumLibrary">
<arg>Профиль</arg>
<doc>Waits until ``text`` appears on the current page.</doc>
<status status="PASS" start="2024-02-25T23:53:26.886354" elapsed="0.018037"/>
</kw>
<kw name="Sleep" owner="BuiltIn">
<msg time="2024-02-25T23:53:28.905822" level="INFO">Slept 2 seconds.</msg>
<arg>2s</arg>
<doc>Pauses the test executed for the given time.</doc>
<status status="PASS" start="2024-02-25T23:53:26.904623" elapsed="2.001297"/>
</kw>
<status status="PASS" start="2024-02-25T23:53:24.098168" elapsed="4.808318"/>
</test>
<test id="s1-s1-s2-t15" name="Проверка &quot;активность&quot;- &quot;Комментарии к обзорам&quot;:" line="141">
<kw name="Wait Until Page Contains Element" owner="SeleniumLibrary">
<arg>${Activity}</arg>
<doc>Waits until the element ``locator`` appears on the current page.</doc>
<status status="PASS" start="2024-02-25T23:53:28.909585" elapsed="0.005515"/>
</kw>
<kw name="Click Element" owner="SeleniumLibrary">
<msg time="2024-02-25T23:53:28.915491" level="INFO">Clicking element '//span[.='Активность' and @class="css-1345oul e6pb4it0"]'.</msg>
<arg>${Activity}</arg>
<doc>Click the element identified by ``locator``.</doc>
<status status="PASS" start="2024-02-25T23:53:28.915334" elapsed="0.021329"/>
</kw>
<kw name="Click Element" owner="SeleniumLibrary">
<msg time="2024-02-25T23:53:28.937252" level="INFO">Clicking element '//span[.='Комментарии к обзорам' and @class="css-1345oul e6pb4it0"]'.</msg>
<arg>${ActivityObzComment}</arg>
<doc>Click the element identified by ``locator``.</doc>
<status status="PASS" start="2024-02-25T23:53:28.937113" elapsed="1.163807"/>
</kw>
<kw name="Wait Until Page Contains" owner="SeleniumLibrary">
<arg>Комментариев к обзорам нет</arg>
<doc>Waits until ``text`` appears on the current page.</doc>
<status status="PASS" start="2024-02-25T23:53:30.101538" elapsed="0.047532"/>
</kw>
<kw name="Sleep" owner="BuiltIn">
<msg time="2024-02-25T23:53:32.149952" level="INFO">Slept 2 seconds.</msg>
<arg>2s</arg>
<doc>Pauses the test executed for the given time.</doc>
<status status="PASS" start="2024-02-25T23:53:30.149287" elapsed="2.001014"/>
</kw>
<kw name="Go Back" owner="SeleniumLibrary">
<doc>Simulates the user clicking the back button on their browser.</doc>
<status status="PASS" start="2024-02-25T23:53:32.153508" elapsed="0.348643"/>
</kw>
<kw name="Wait Until Page Contains Element" owner="SeleniumLibrary">
<arg>${MyProfile4}</arg>
<doc>Waits until the element ``locator`` appears on the current page.</doc>
<status status="PASS" start="2024-02-25T23:53:32.502456" elapsed="0.650239"/>
</kw>
<kw name="Wait Until Page Contains" owner="SeleniumLibrary">
<arg>Профиль</arg>
<doc>Waits until ``text`` appears on the current page.</doc>
<status status="PASS" start="2024-02-25T23:53:33.153077" elapsed="0.011814"/>
</kw>
<status status="PASS" start="2024-02-25T23:53:28.909267" elapsed="4.255907"/>
</test>
<status status="PASS" start="2024-02-25T23:52:19.450404" elapsed="73.717742"/>
</suite>
<suite id="s1-s1-s3" name="Check LK FL 2 IZ" source="/Users/pavelmilyukov/PycharmProjects/robotframework/Tests/1/Check_LK_FL_2_IZ.robot">
<test id="s1-s1-s3-t1" name="Успешная авторизация:" line="48">
<kw name="Open Browser" owner="SeleniumLibrary">
<msg time="2024-02-25T23:53:33.178551" level="INFO">Opening browser 'chrome' to base url 'https://www.citilink.ru/'.</msg>
<arg>https://www.citilink.ru/</arg>
<arg>chrome</arg>
<arg>options=add_argument("--ignore-certificate-errors")</arg>
<doc>Opens a new browser instance to the optional ``url``.</doc>
<status status="PASS" start="2024-02-25T23:53:33.178371" elapsed="5.036436"/>
</kw>
<kw name="Maximize Browser Window" owner="SeleniumLibrary">
<doc>Maximizes current browser window.</doc>
<status status="PASS" start="2024-02-25T23:53:38.229386" elapsed="0.467700"/>
</kw>
<kw name="Click Element" owner="SeleniumLibrary">
<msg time="2024-02-25T23:53:38.697663" level="INFO">Clicking element '//div[@data-meta-name= 'UserButtonContainer' and @class= 'css-1vb2hqj e38q5fc0']'.</msg>
<arg>${catalogButton}</arg>
<doc>Click the element identified by ``locator``.</doc>
<status status="PASS" start="2024-02-25T23:53:38.697334" elapsed="0.086358"/>
</kw>
<kw name="Input Text" owner="SeleniumLibrary">
<msg time="2024-02-25T23:53:38.784390" level="INFO">Typing text '79210021200' into text field 'login'.</msg>
<arg>login</arg>
<arg>79210021200</arg>
<doc>Types the given ``text`` into the text field identified by ``locator``.</doc>
<status status="PASS" start="2024-02-25T23:53:38.784168" elapsed="0.143020"/>
</kw>
<kw name="Input Password" owner="SeleniumLibrary">
<msg time="2024-02-25T23:53:38.927890" level="INFO">Typing password into text field 'pass'.</msg>
<msg time="2024-02-25T23:53:38.972685" level="INFO">Temporally setting log level to: NONE</msg>
<arg>pass</arg>
<arg>yfujhirtcbltkrjhjkm</arg>
<doc>Types the given password into the text field identified by ``locator``.</doc>
<status status="PASS" start="2024-02-25T23:53:38.927691" elapsed="0.096957"/>
</kw>
<kw name="Wait Until Page Contains Element" owner="SeleniumLibrary">
<arg>${enterButton}</arg>
<doc>Waits until the element ``locator`` appears on the current page.</doc>
<status status="PASS" start="2024-02-25T23:53:39.025577" elapsed="2.794406"/>
</kw>
<kw name="Click Element" owner="SeleniumLibrary">
<msg time="2024-02-25T23:53:41.820750" level="INFO">Clicking element '//button[@class= 'e4uhfkv0 css-1nvnwij e4mggex0']'.</msg>
<arg>${enterButton}</arg>
<doc>Click the element identified by ``locator``.</doc>
<status status="PASS" start="2024-02-25T23:53:41.820523" elapsed="3.061355"/>
</kw>
<status status="PASS" start="2024-02-25T23:53:33.178078" elapsed="11.704896"/>
</test>
<test id="s1-s1-s3-t2" name="Вход в Профиль:" line="56">
<kw name="Click Element" owner="SeleniumLibrary">
<msg time="2024-02-25T23:53:44.891392" level="INFO">Clicking element '//div[@class='ez0atuc0 css-1tq23wq e17f7xo00']'.</msg>
<arg>${EnterProfile}</arg>
<doc>Click the element identified by ``locator``.</doc>
<status status="PASS" start="2024-02-25T23:53:44.890840" elapsed="0.175139"/>
</kw>
<kw name="Click Element" owner="SeleniumLibrary">
<msg time="2024-02-25T23:53:45.067005" level="INFO">Clicking element '//a[@data-meta-name='ProfileMenu_Item_Мой профиль']'.</msg>
<arg>${EnterProfile2}</arg>
<doc>Click the element identified by ``locator``.</doc>
<status status="PASS" start="2024-02-25T23:53:45.066819" elapsed="0.706049"/>
</kw>
<kw name="Wait Until Page Contains" owner="SeleniumLibrary">
<arg>Настройки профиля</arg>
<doc>Waits until ``text`` appears on the current page.</doc>
<status status="PASS" start="2024-02-25T23:53:45.773424" elapsed="0.466170"/>
</kw>
<status status="PASS" start="2024-02-25T23:53:44.889985" elapsed="1.349972"/>
</test>
<test id="s1-s1-s3-t3" name="Проверка &quot;активность&quot;- &quot;Сообщения&quot;:" line="61">
<kw name="Wait Until Page Contains Element" owner="SeleniumLibrary">
<arg>${Activity}</arg>
<doc>Waits until the element ``locator`` appears on the current page.</doc>
<status status="PASS" start="2024-02-25T23:53:46.243450" elapsed="0.007178"/>
</kw>
<kw name="Click Element" owner="SeleniumLibrary">
<msg time="2024-02-25T23:53:46.251542" level="INFO">Clicking element '//span[.='Активность' and @class="css-1345oul e6pb4it0"]'.</msg>
<arg>${Activity}</arg>
<doc>Click the element identified by ``locator``.</doc>
<status status="PASS" start="2024-02-25T23:53:46.251358" elapsed="0.030565"/>
</kw>
<kw name="Wait Until Page Contains Element" owner="SeleniumLibrary">
<arg>${ActivityLent}</arg>
<doc>Waits until the element ``locator`` appears on the current page.</doc>
<status status="PASS" start="2024-02-25T23:53:46.298295" elapsed="0.019691"/>
</kw>
<kw name="Click Element" owner="SeleniumLibrary">
<msg time="2024-02-25T23:53:46.318550" level="INFO">Clicking element '//span[.='Сообщения' and @class="css-1345oul e6pb4it0"]'.</msg>
<arg>${ActivityMessages}</arg>
<doc>Click the element identified by ``locator``.</doc>
<status status="PASS" start="2024-02-25T23:53:46.318372" elapsed="1.378344"/>
</kw>
<kw name="Wait Until Page Contains" owner="SeleniumLibrary">
<arg>У вас нет сообщений</arg>
<doc>Waits until ``text`` appears on the current page.</doc>
<status status="PASS" start="2024-02-25T23:53:47.697767" elapsed="0.020662"/>
</kw>
<kw name="Go Back" owner="SeleniumLibrary">
<doc>Simulates the user clicking the back button on their browser.</doc>
<status status="PASS" start="2024-02-25T23:53:47.718740" elapsed="0.787097"/>
</kw>
<kw name="Wait Until Page Contains Element" owner="SeleniumLibrary">
<arg>${MyProfile4}</arg>
<doc>Waits until the element ``locator`` appears on the current page.</doc>
<status status="PASS" start="2024-02-25T23:53:48.506063" elapsed="0.633616"/>
</kw>
<kw name="Click Element" owner="SeleniumLibrary">
<msg time="2024-02-25T23:53:49.140064" level="INFO">Clicking element '//span[.='Мой профиль' and @class="css-12cisdp e6pb4it0"]'.</msg>
<arg>${MyProfile4}</arg>
<doc>Click the element identified by ``locator``.</doc>
<status status="PASS" start="2024-02-25T23:53:49.139884" elapsed="0.044207"/>
</kw>
<kw name="Wait Until Page Contains" owner="SeleniumLibrary">
<arg>Профиль</arg>
<doc>Waits until ``text`` appears on the current page.</doc>
<status status="PASS" start="2024-02-25T23:53:49.193394" elapsed="0.023385"/>
</kw>
<kw name="Sleep" owner="BuiltIn">
<msg time="2024-02-25T23:53:51.218717" level="INFO">Slept 2 seconds.</msg>
<arg>2s</arg>
<doc>Pauses the test executed for the given time.</doc>
<status status="PASS" start="2024-02-25T23:53:49.217241" elapsed="2.001758"/>
</kw>
<status status="PASS" start="2024-02-25T23:53:46.243148" elapsed="4.977175"/>
</test>
<test id="s1-s1-s3-t4" name="Проверка &quot;активность&quot;- &quot;Вопросы и ответы&quot;:" line="72">
<kw name="Wait Until Page Contains Element" owner="SeleniumLibrary">
<arg>${Activity}</arg>
<doc>Waits until the element ``locator`` appears on the current page.</doc>
<status status="PASS" start="2024-02-25T23:53:51.226913" elapsed="0.010780"/>
</kw>
<kw name="Click Element" owner="SeleniumLibrary">
<msg time="2024-02-25T23:53:51.238465" level="INFO">Clicking element '//span[.='Активность' and @class="css-1345oul e6pb4it0"]'.</msg>
<arg>${Activity}</arg>
<doc>Click the element identified by ``locator``.</doc>
<status status="PASS" start="2024-02-25T23:53:51.238128" elapsed="0.032916"/>
</kw>
<kw name="Wait Until Page Contains Element" owner="SeleniumLibrary">
<arg>${ActivityLent}</arg>
<doc>Waits until the element ``locator`` appears on the current page.</doc>
<status status="PASS" start="2024-02-25T23:53:51.272178" elapsed="0.009544"/>
</kw>
<kw name="Click Element" owner="SeleniumLibrary">
<msg time="2024-02-25T23:53:51.282951" level="INFO">Clicking element '//span[.='Вопросы и ответы' and @class="css-1345oul e6pb4it0"]'.</msg>
<arg>${ActivityViO}</arg>
<doc>Click the element identified by ``locator``.</doc>
<status status="PASS" start="2024-02-25T23:53:51.282278" elapsed="0.043095"/>
</kw>
<kw name="Wait Until Page Contains" owner="SeleniumLibrary">
<arg>Мои вопросы</arg>
<doc>Waits until ``text`` appears on the current page.</doc>
<status status="PASS" start="2024-02-25T23:53:51.326255" elapsed="0.009848"/>
</kw>
<kw name="Sleep" owner="BuiltIn">
<msg time="2024-02-25T23:53:53.337994" level="INFO">Slept 2 seconds.</msg>
<arg>2s</arg>
<doc>Pauses the test executed for the given time.</doc>
<status status="PASS" start="2024-02-25T23:53:51.336315" elapsed="2.001805"/>
</kw>
<status status="PASS" start="2024-02-25T23:53:51.226122" elapsed="2.116781"/>
</test>
<test id="s1-s1-s3-t5" name="Проверка &quot;активность&quot;- &quot;Фотографии&quot;:" line="79">
<kw name="Click Element" owner="SeleniumLibrary">
<msg time="2024-02-25T23:53:53.347195" level="INFO">Clicking element '//span[.='Фотографии' and @class="css-1345oul e6pb4it0"]'.</msg>
<arg>${ActivityPhotos}</arg>
<doc>Click the element identified by ``locator``.</doc>
<status status="PASS" start="2024-02-25T23:53:53.346959" elapsed="1.154493"/>
</kw>
<kw name="Wait Until Page Contains" owner="SeleniumLibrary">
<arg>Ни одной фотографии не загружено</arg>
<doc>Waits until ``text`` appears on the current page.</doc>
<status status="PASS" start="2024-02-25T23:53:54.501965" elapsed="0.018037"/>
</kw>
<kw name="Go Back" owner="SeleniumLibrary">
<doc>Simulates the user clicking the back button on their browser.</doc>
<status status="PASS" start="2024-02-25T23:53:54.520404" elapsed="1.085454"/>
</kw>
<kw name="Wait Until Page Contains Element" owner="SeleniumLibrary">
<arg>${MyProfile2}</arg>
<doc>Waits until the element ``locator`` appears on the current page.</doc>
<status status="PASS" start="2024-02-25T23:53:55.606136" elapsed="0.438073"/>
</kw>
<kw name="Click Element" owner="SeleniumLibrary">
<msg time="2024-02-25T23:53:56.044918" level="INFO">Clicking element '//span[.='Мой профиль' and @class="css-o3b0tg e6pb4it0"]'.</msg>
<arg>${MyProfile2}</arg>
<doc>Click the element identified by ``locator``.</doc>
<status status="PASS" start="2024-02-25T23:53:56.044629" elapsed="0.087303"/>
</kw>
<kw name="Wait Until Page Contains" owner="SeleniumLibrary">
<arg>Профиль</arg>
<doc>Waits until ``text`` appears on the current page.</doc>
<status status="PASS" start="2024-02-25T23:53:56.133032" elapsed="0.020734"/>
</kw>
<kw name="Sleep" owner="BuiltIn">
<msg time="2024-02-25T23:53:58.154759" level="INFO">Slept 2 seconds.</msg>
<arg>2s</arg>
<doc>Pauses the test executed for the given time.</doc>
<status status="PASS" start="2024-02-25T23:53:56.153996" elapsed="2.000934"/>
</kw>
<status status="PASS" start="2024-02-25T23:53:53.346524" elapsed="4.810297"/>
</test>
<test id="s1-s1-s3-t6" name="Проверка &quot;активность&quot;- &quot;Конфигурации&quot;:" line="88">
<kw name="Wait Until Page Contains Element" owner="SeleniumLibrary">
<arg>${Activity2}</arg>
<doc>Waits until the element ``locator`` appears on the current page.</doc>
<status status="PASS" start="2024-02-25T23:53:58.162566" elapsed="0.014478"/>
</kw>
<kw name="Click Element" owner="SeleniumLibrary">
<msg time="2024-02-25T23:53:58.177655" level="INFO">Clicking element '//span[.='Активность' and @class="css-o3b0tg e6pb4it0"]'.</msg>
<arg>${Activity2}</arg>
<doc>Click the element identified by ``locator``.</doc>
<status status="PASS" start="2024-02-25T23:53:58.177406" elapsed="0.037437"/>
</kw>
<kw name="Wait Until Page Contains Element" owner="SeleniumLibrary">
<arg>${ActivityLent2}</arg>
<doc>Waits until the element ``locator`` appears on the current page.</doc>
<status status="PASS" start="2024-02-25T23:53:58.215457" elapsed="0.008829"/>
</kw>
<kw name="Click Element" owner="SeleniumLibrary">
<msg time="2024-02-25T23:53:58.224712" level="INFO">Clicking element '//span[.='Конфигурации' and @class="css-o3b0tg e6pb4it0"]'.</msg>
<arg>${ActivityConfig}</arg>
<doc>Click the element identified by ``locator``.</doc>
<status status="PASS" start="2024-02-25T23:53:58.224535" elapsed="1.036716"/>
</kw>
<kw name="Wait Until Page Contains" owner="SeleniumLibrary">
<arg>Конфигураций нет</arg>
<doc>Waits until ``text`` appears on the current page.</doc>
<status status="PASS" start="2024-02-25T23:53:59.262152" elapsed="0.009909"/>
</kw>
<kw name="Go Back" owner="SeleniumLibrary">
<doc>Simulates the user clicking the back button on their browser.</doc>
<status status="PASS" start="2024-02-25T23:53:59.272289" elapsed="0.715970"/>
</kw>
<kw name="Wait Until Page Contains" owner="SeleniumLibrary">
<arg>Профиль</arg>
<doc>Waits until ``text`` appears on the current page.</doc>
<status status="PASS" start="2024-02-25T23:53:59.988710" elapsed="0.680755"/>
</kw>
<kw name="Sleep" owner="BuiltIn">
<msg time="2024-02-25T23:54:02.672101" level="INFO">Slept 2 seconds.</msg>
<arg>2s</arg>
<doc>Pauses the test executed for the given time.</doc>
<status status="PASS" start="2024-02-25T23:54:00.670355" elapsed="2.002037"/>
</kw>
<status status="PASS" start="2024-02-25T23:53:58.162018" elapsed="4.511901"/>
</test>
<test id="s1-s1-s3-t7" name="Проверка &quot;активность&quot;- &quot;Комментарии к конфигурациям&quot;:" line="97">
<kw name="Wait Until Page Contains Element" owner="SeleniumLibrary">
<arg>${Activity}</arg>
<doc>Waits until the element ``locator`` appears on the current page.</doc>
<status status="PASS" start="2024-02-25T23:54:02.680893" elapsed="0.011255"/>
</kw>
<kw name="Click Element" owner="SeleniumLibrary">
<msg time="2024-02-25T23:54:02.692870" level="INFO">Clicking element '//span[.='Активность' and @class="css-1345oul e6pb4it0"]'.</msg>
<arg>${Activity}</arg>
<doc>Click the element identified by ``locator``.</doc>
<status status="PASS" start="2024-02-25T23:54:02.692595" elapsed="0.035386"/>
</kw>
<kw name="Wait Until Page Contains Element" owner="SeleniumLibrary">
<arg>${ActivityLent}</arg>
<doc>Waits until the element ``locator`` appears on the current page.</doc>
<status status="PASS" start="2024-02-25T23:54:02.729069" elapsed="0.008191"/>
</kw>
<kw name="Click Element" owner="SeleniumLibrary">
<msg time="2024-02-25T23:54:02.737965" level="INFO">Clicking element '//span[.='Комментарии к конфигурациям']'.</msg>
<arg>${ActivityConfigComment}</arg>
<doc>Click the element identified by ``locator``.</doc>
<status status="PASS" start="2024-02-25T23:54:02.737656" elapsed="1.061742"/>
</kw>
<kw name="Wait Until Page Contains" owner="SeleniumLibrary">
<arg>Комментариев к конфигурациям нет</arg>
<doc>Waits until ``text`` appears on the current page.</doc>
<status status="PASS" start="2024-02-25T23:54:03.800246" elapsed="0.010914"/>
</kw>
<kw name="Sleep" owner="BuiltIn">
<msg time="2024-02-25T23:54:05.812633" level="INFO">Slept 2 seconds.</msg>
<arg>2s</arg>
<doc>Pauses the test executed for the given time.</doc>
<status status="PASS" start="2024-02-25T23:54:03.811521" elapsed="2.001354"/>
</kw>
<status status="PASS" start="2024-02-25T23:54:02.679978" elapsed="3.134607"/>
</test>
<test id="s1-s1-s3-t8" name="Проверка &quot;активность&quot;- &quot;Заявки на подбор конфигурации&quot;:" line="104">
<kw name="Click Element" owner="SeleniumLibrary">
<msg time="2024-02-25T23:54:05.821630" level="INFO">Clicking element '//a[.='Заявки на подбор конфигурации' and @href="https://www.citilink.ru/profile/0FF153FB-BECD-4466-88C6-E4F65A757569/requests/"]'.</msg>
<arg>${ActivityConfigReq}</arg>
<doc>Click the element identified by ``locator``.</doc>
<status status="PASS" start="2024-02-25T23:54:05.821256" elapsed="1.045392"/>
</kw>
<kw name="Wait Until Page Contains" owner="SeleniumLibrary">
<arg>Заявок на подбор конфигурации нет</arg>
<doc>Waits until ``text`` appears on the current page.</doc>
<status status="PASS" start="2024-02-25T23:54:06.867497" elapsed="0.008226"/>
</kw>
<status status="PASS" start="2024-02-25T23:54:05.820571" elapsed="1.055346"/>
</test>
<test id="s1-s1-s3-t9" name="Проверка &quot;активность&quot;- &quot;Комментарии к заявкам на подбор конфигурации&quot;:" line="109">
<kw name="Click Element" owner="SeleniumLibrary">
<msg time="2024-02-25T23:54:06.878774" level="INFO">Clicking element '//a[.='Комментарии к заявкам на подбор конфигурации' and @href="https://www.citilink.ru/profile/0FF153FB-BECD-4466-88C6-E4F65A757569/disc/request/"]'.</msg>
<arg>${ActivityConfigReqComment}</arg>
<doc>Click the element identified by ``locator``.</doc>
<status status="PASS" start="2024-02-25T23:54:06.878642" elapsed="1.154688"/>
</kw>
<kw name="Wait Until Page Contains" owner="SeleniumLibrary">
<arg>Комментариев к заявкам на подбор конфигурации нет</arg>
<doc>Waits until ``text`` appears on the current page.</doc>
<status status="PASS" start="2024-02-25T23:54:08.034599" elapsed="0.009487"/>
</kw>
<kw name="Sleep" owner="BuiltIn">
<msg time="2024-02-25T23:54:10.047097" level="INFO">Slept 2 seconds.</msg>
<arg>2s</arg>
<doc>Pauses the test executed for the given time.</doc>
<status status="PASS" start="2024-02-25T23:54:08.044302" elapsed="2.003420"/>
</kw>
<status status="PASS" start="2024-02-25T23:54:06.878378" elapsed="3.172477"/>
</test>
<test id="s1-s1-s3-t10" name="Проверка &quot;активность&quot;- &quot;обзоры&quot;:" line="115">
<kw name="Click Element" owner="SeleniumLibrary">
<msg time="2024-02-25T23:54:10.059068" level="INFO">Clicking element '//a[.='Обзоры' and @href="https://www.citilink.ru/profile/0FF153FB-BECD-4466-88C6-E4F65A757569/reviews/"]'.</msg>
<arg>${ActivityObz}</arg>
<doc>Click the element identified by ``locator``.</doc>
<status status="PASS" start="2024-02-25T23:54:10.058744" elapsed="1.231952"/>
</kw>
<kw name="Wait Until Page Contains" owner="SeleniumLibrary">
<arg>Нет ни одного опубликованного</arg>
<doc>Waits until ``text`` appears on the current page.</doc>
<status status="PASS" start="2024-02-25T23:54:11.291456" elapsed="0.660636"/>
</kw>
<kw name="Sleep" owner="BuiltIn">
<msg time="2024-02-25T23:54:13.954702" level="INFO">Slept 2 seconds.</msg>
<arg>2s</arg>
<doc>Pauses the test executed for the given time.</doc>
<status status="PASS" start="2024-02-25T23:54:11.952485" elapsed="2.002567"/>
</kw>
<kw name="Go Back" owner="SeleniumLibrary">
<doc>Simulates the user clicking the back button on their browser.</doc>
<status status="PASS" start="2024-02-25T23:54:13.958237" elapsed="0.010435"/>
</kw>
<status status="PASS" start="2024-02-25T23:54:10.058157" elapsed="3.911050"/>
</test>
<test id="s1-s1-s3-t11" name="Проверка &quot;активность&quot;- &quot;Отзывы&quot;:" line="121">
<kw name="Go To" owner="SeleniumLibrary">
<msg time="2024-02-25T23:54:13.975346" level="INFO">Opening url 'https://www.citilink.ru/profile/0FF153FB-BECD-4466-88C6-E4F65A757569/opinions/'</msg>
<arg>https://www.citilink.ru/profile/0FF153FB-BECD-4466-88C6-E4F65A757569/opinions/</arg>
<doc>Navigates the current browser window to the provided ``url``.</doc>
<status status="PASS" start="2024-02-25T23:54:13.975150" elapsed="1.101605"/>
</kw>
<kw name="Wait Until Page Contains" owner="SeleniumLibrary">
<arg>Помогите пользователям</arg>
<doc>Waits until ``text`` appears on the current page.</doc>
<status status="PASS" start="2024-02-25T23:54:15.077513" elapsed="0.656934"/>
</kw>
<kw name="Sleep" owner="BuiltIn">
<msg time="2024-02-25T23:54:17.735294" level="INFO">Slept 2 seconds.</msg>
<arg>2s</arg>
<doc>Pauses the test executed for the given time.</doc>
<status status="PASS" start="2024-02-25T23:54:15.734826" elapsed="2.000754"/>
</kw>
<status status="PASS" start="2024-02-25T23:54:13.974627" elapsed="3.763581"/>
</test>
<status status="PASS" start="2024-02-25T23:53:33.175735" elapsed="44.569300"/>
</suite>
<suite id="s1-s1-s4" name="CheckHeaderMenu IZ" source="/Users/pavelmilyukov/PycharmProjects/robotframework/Tests/1/CheckHeaderMenu_IZ.robot">
<test id="s1-s1-s4-t1" name="Успешная авторизация:" line="62">
<kw name="Open Browser" owner="SeleniumLibrary">
<msg time="2024-02-25T23:54:17.760168" level="INFO">Opening browser 'chrome' to base url 'https://www.citilink.ru/'.</msg>
<arg>https://www.citilink.ru/</arg>
<arg>chrome</arg>
<arg>options=add_argument("--ignore-certificate-errors")</arg>
<doc>Opens a new browser instance to the optional ``url``.</doc>
<status status="PASS" start="2024-02-25T23:54:17.759866" elapsed="2.331032"/>
</kw>
<kw name="Maximize Browser Window" owner="SeleniumLibrary">
<doc>Maximizes current browser window.</doc>
<status status="PASS" start="2024-02-25T23:54:20.096755" elapsed="0.471641"/>
</kw>
<kw name="Click Element" owner="SeleniumLibrary">
<msg time="2024-02-25T23:54:20.568921" level="INFO">Clicking element '//div[@data-meta-name= 'UserButtonContainer' and @class= 'css-1vb2hqj e38q5fc0']'.</msg>
<arg>${catalogButton}</arg>
<doc>Click the element identified by ``locator``.</doc>
<status status="PASS" start="2024-02-25T23:54:20.568642" elapsed="0.082767"/>
</kw>
<kw name="Input Text" owner="SeleniumLibrary">
<msg time="2024-02-25T23:54:20.653849" level="INFO">Typing text '79210021200' into text field 'login'.</msg>
<arg>login</arg>
<arg>79210021200</arg>
<doc>Types the given ``text`` into the text field identified by ``locator``.</doc>
<status status="PASS" start="2024-02-25T23:54:20.653404" elapsed="0.139192"/>
</kw>
<kw name="Input Password" owner="SeleniumLibrary">
<msg time="2024-02-25T23:54:20.793441" level="INFO">Typing password into text field 'pass'.</msg>
<msg time="2024-02-25T23:54:20.837001" level="INFO">Temporally setting log level to: NONE</msg>
<arg>pass</arg>
<arg>yfujhirtcbltkrjhjkm</arg>
<doc>Types the given password into the text field identified by ``locator``.</doc>
<status status="PASS" start="2024-02-25T23:54:20.793314" elapsed="0.093698"/>
</kw>
<kw name="Wait Until Page Contains Element" owner="SeleniumLibrary">
<arg>${enterButton}</arg>
<doc>Waits until the element ``locator`` appears on the current page.</doc>
<status status="PASS" start="2024-02-25T23:54:20.887511" elapsed="2.803948"/>
</kw>
<kw name="Click Element" owner="SeleniumLibrary">
<msg time="2024-02-25T23:54:23.692639" level="INFO">Clicking element '//button[@class= 'e4uhfkv0 css-1nvnwij e4mggex0']'.</msg>
<arg>${enterButton}</arg>
<doc>Click the element identified by ``locator``.</doc>
<status status="PASS" start="2024-02-25T23:54:23.692301" elapsed="5.821469"/>
</kw>
<status status="PASS" start="2024-02-25T23:54:17.759372" elapsed="11.755118"/>
</test>
<test id="s1-s1-s4-t2" name="Проверка наличия &quot;спецпредложений на главной странице&quot;:" line="70">
<kw name="Wait Until Page Contains Element" owner="SeleniumLibrary">
<arg>${TopCatalog1}</arg>
<doc>Waits until the element ``locator`` appears on the current page.</doc>
<status status="PASS" start="2024-02-25T23:54:29.518437" elapsed="0.007441"/>
</kw>
<kw name="Wait Until Page Contains Element" owner="SeleniumLibrary">
<arg>${TopCatalog2}</arg>
<doc>Waits until the element ``locator`` appears on the current page.</doc>
<status status="PASS" start="2024-02-25T23:54:29.526085" elapsed="0.007008"/>
</kw>
<kw name="Wait Until Page Contains Element" owner="SeleniumLibrary">
<arg>${TopCatalog3}</arg>
<doc>Waits until the element ``locator`` appears on the current page.</doc>
<status status="PASS" start="2024-02-25T23:54:29.533373" elapsed="0.277609"/>
</kw>
<kw name="Wait Until Page Contains Element" owner="SeleniumLibrary">
<arg>${TopCatalog4}</arg>
<doc>Waits until the element ``locator`` appears on the current page.</doc>
<status status="PASS" start="2024-02-25T23:54:29.811303" elapsed="0.017667"/>
</kw>
<kw name="Wait Until Page Contains Element" owner="SeleniumLibrary">
<arg>${TopCatalog5}</arg>
<doc>Waits until the element ``locator`` appears on the current page.</doc>
<status status="PASS" start="2024-02-25T23:54:29.829198" elapsed="0.021160"/>
</kw>
<kw name="Wait Until Page Contains Element" owner="SeleniumLibrary">
<arg>${TopCatalog6}</arg>
<doc>Waits until the element ``locator`` appears on the current page.</doc>
<status status="PASS" start="2024-02-25T23:54:29.851913" elapsed="0.016295"/>
</kw>
<kw name="Wait Until Page Contains Element" owner="SeleniumLibrary">
<arg>${TopCatalog7}</arg>
<doc>Waits until the element ``locator`` appears on the current page.</doc>
<status status="PASS" start="2024-02-25T23:54:29.868397" elapsed="0.009309"/>
</kw>
<status status="PASS" start="2024-02-25T23:54:29.517581" elapsed="0.360328"/>
</test>
<test id="s1-s1-s4-t3" name="Проверка &quot;кликабельности&quot; кнопок главной страницы пользователя:" line="80">
<kw name="Wait Until Page Contains" owner="SeleniumLibrary">
<arg>Журнал</arg>
<doc>Waits until ``text`` appears on the current page.</doc>
<status status="PASS" start="2024-02-25T23:54:29.880310" elapsed="0.010119"/>
</kw>
<status status="PASS" start="2024-02-25T23:54:29.879912" elapsed="0.010704"/>
</test>
<test id="s1-s1-s4-t4" name="Выпадающее меню профиля активно:" line="82">
<kw name="Click Element" owner="SeleniumLibrary">
<msg time="2024-02-25T23:54:29.893134" level="INFO">Clicking element '//div[@class='ez0atuc0 css-1tq23wq e17f7xo00']'.</msg>
<arg>${EnterProfile}</arg>
<doc>Click the element identified by ``locator``.</doc>
<status status="PASS" start="2024-02-25T23:54:29.892892" elapsed="0.080704"/>
</kw>
<kw name="Wait Until Page Contains Element" owner="SeleniumLibrary">
<arg>${EnterProfile2}</arg>
<doc>Waits until the element ``locator`` appears on the current page.</doc>
<status status="PASS" start="2024-02-25T23:54:29.974393" elapsed="0.015978"/>
</kw>
<status status="PASS" start="2024-02-25T23:54:29.892548" elapsed="0.099093"/>
</test>
<test id="s1-s1-s4-t5" name="Открытие &quot;Избранное&quot;:" line="85">
<kw name="Wait Until Page Contains Element" owner="SeleniumLibrary">
<arg>${TopSelect}</arg>
<doc>Waits until the element ``locator`` appears on the current page.</doc>
<status status="PASS" start="2024-02-25T23:54:29.996320" elapsed="0.029046"/>
</kw>
<kw name="Click Element" owner="SeleniumLibrary">
<msg time="2024-02-25T23:54:30.025845" level="INFO">Clicking element '(//div[@class='css-1wyvf5z eyoh4ac0'])[2]'.</msg>
<arg>${TopSelect}</arg>
<doc>Click the element identified by ``locator``.</doc>
<status status="PASS" start="2024-02-25T23:54:30.025664" elapsed="1.296867"/>
</kw>
<kw name="Wait Until Page Contains" owner="SeleniumLibrary">
<arg>В списке желаемых покупок нет товаров</arg>
<doc>Waits until ``text`` appears on the current page.</doc>
<status status="PASS" start="2024-02-25T23:54:31.323716" elapsed="0.008717"/>
</kw>
<kw name="Sleep" owner="BuiltIn">
<msg time="2024-02-25T23:54:34.336753" level="INFO">Slept 3 seconds.</msg>
<arg>3s</arg>
<doc>Pauses the test executed for the given time.</doc>
<status status="PASS" start="2024-02-25T23:54:31.332657" elapsed="3.004206"/>
</kw>
<kw name="Go Back" owner="SeleniumLibrary">
<doc>Simulates the user clicking the back button on their browser.</doc>
<status status="PASS" start="2024-02-25T23:54:34.337870" elapsed="0.825780"/>
</kw>
<kw name="Wait Until Page Contains" owner="SeleniumLibrary">
<arg>Журнал</arg>
<doc>Waits until ``text`` appears on the current page.</doc>
<status status="PASS" start="2024-02-25T23:54:35.163903" elapsed="0.006047"/>
</kw>
<status status="PASS" start="2024-02-25T23:54:29.995962" elapsed="5.174192"/>
</test>
<test id="s1-s1-s4-t6" name="Принять куки:" line="93">
<kw name="Click Element" owner="SeleniumLibrary">
<msg time="2024-02-25T23:54:35.172546" level="INFO">Clicking element '//span[.='Я согласен' and @class='css-1xdhyk6 e1hf2t4f0']'.</msg>
<arg>${ApplyCookies}</arg>
<doc>Click the element identified by ``locator``.</doc>
<status status="PASS" start="2024-02-25T23:54:35.172308" elapsed="0.047024"/>
</kw>
<status status="PASS" start="2024-02-25T23:54:35.172090" elapsed="0.058090"/>
</test>
<test id="s1-s1-s4-t7" name="Открытие &quot;Сравнение&quot;:" line="96">
<kw name="Click Element" owner="SeleniumLibrary">
<msg time="2024-02-25T23:54:35.234502" level="INFO">Clicking element '(//div[@class='css-1wyvf5z eyoh4ac0'])[3]'.</msg>
<arg>${HeaderCompare}</arg>
<doc>Click the element identified by ``locator``.</doc>
<status status="PASS" start="2024-02-25T23:54:35.234309" elapsed="1.138669"/>
</kw>
<kw name="Wait Until Page Contains" owner="SeleniumLibrary">
<arg>Сравнение товаров</arg>
<doc>Waits until ``text`` appears on the current page.</doc>
<status status="PASS" start="2024-02-25T23:54:36.376668" elapsed="0.011775"/>
</kw>
<kw name="Sleep" owner="BuiltIn">
<msg time="2024-02-25T23:54:39.393320" level="INFO">Slept 3 seconds.</msg>
<arg>3s</arg>
<doc>Pauses the test executed for the given time.</doc>
<status status="PASS" start="2024-02-25T23:54:36.390572" elapsed="3.002858"/>
</kw>
<kw name="Go Back" owner="SeleniumLibrary">
<doc>Simulates the user clicking the back button on their browser.</doc>
<status status="PASS" start="2024-02-25T23:54:39.394077" elapsed="0.813532"/>
</kw>
<kw name="Wait Until Page Contains" owner="SeleniumLibrary">
<arg>Журнал</arg>
<doc>Waits until ``text`` appears on the current page.</doc>
<status status="PASS" start="2024-02-25T23:54:40.207844" elapsed="0.008580"/>
</kw>
<status status="PASS" start="2024-02-25T23:54:35.233841" elapsed="4.983084"/>
</test>
<test id="s1-s1-s4-t8" name="Открытие &quot;Корзина&quot;:" line="102">
<kw name="Click Element" owner="SeleniumLibrary">
<msg time="2024-02-25T23:54:40.219552" level="INFO">Clicking element '(//div[@class='css-1wyvf5z eyoh4ac0'])[4]'.</msg>
<arg>${HeaderGarbage}</arg>
<doc>Click the element identified by ``locator``.</doc>
<status status="PASS" start="2024-02-25T23:54:40.219354" elapsed="30.962858"/>
</kw>
<kw name="Wait Until Page Contains" owner="SeleniumLibrary">
<arg>В корзине нет товаров</arg>
<doc>Waits until ``text`` appears on the current page.</doc>
<status status="PASS" start="2024-02-25T23:55:11.189694" elapsed="0.012058"/>
</kw>
<kw name="Sleep" owner="BuiltIn">
<msg time="2024-02-25T23:55:14.203602" level="INFO">Slept 3 seconds.</msg>
<arg>3s</arg>
<doc>Pauses the test executed for the given time.</doc>
<status status="PASS" start="2024-02-25T23:55:11.202006" elapsed="3.002189"/>
</kw>
<kw name="Go Back" owner="SeleniumLibrary">
<doc>Simulates the user clicking the back button on their browser.</doc>
<status status="PASS" start="2024-02-25T23:55:14.206474" elapsed="0.893390"/>
</kw>
<kw name="Wait Until Page Contains" owner="SeleniumLibrary">
<arg>Журнал</arg>
<doc>Waits until ``text`` appears on the current page.</doc>
<status status="PASS" start="2024-02-25T23:55:15.100122" elapsed="0.013723"/>
</kw>
<status status="PASS" start="2024-02-25T23:54:40.219136" elapsed="34.894957"/>
</test>
<test id="s1-s1-s4-t9" name="Открытие &quot;Акции&quot;:" line="109">
<kw name="Click Element" owner="SeleniumLibrary">
<msg time="2024-02-25T23:55:15.116761" level="INFO">Clicking element '//span[contains(text(),'Акции')]'.</msg>
<arg>${HeaderPromotion}</arg>
<doc>Click the element identified by ``locator``.</doc>
<status status="PASS" start="2024-02-25T23:55:15.116574" elapsed="2.785259"/>
</kw>
<kw name="Wait Until Page Contains" owner="SeleniumLibrary">
<arg>Акции для бизнеса</arg>
<doc>Waits until ``text`` appears on the current page.</doc>
<status status="PASS" start="2024-02-25T23:55:17.902798" elapsed="0.009307"/>
</kw>
<kw name="Sleep" owner="BuiltIn">
<msg time="2024-02-25T23:55:20.915601" level="INFO">Slept 3 seconds.</msg>
<arg>3s</arg>
<doc>Pauses the test executed for the given time.</doc>
<status status="PASS" start="2024-02-25T23:55:17.912749" elapsed="3.003358"/>
</kw>
<kw name="Go Back" owner="SeleniumLibrary">
<doc>Simulates the user clicking the back button on their browser.</doc>
<status status="PASS" start="2024-02-25T23:55:20.921483" elapsed="0.832467"/>
</kw>
<kw name="Wait Until Page Contains" owner="SeleniumLibrary">
<arg>Популярные категории</arg>
<doc>Waits until ``text`` appears on the current page.</doc>
<status status="PASS" start="2024-02-25T23:55:21.754753" elapsed="0.014136"/>
</kw>
<status status="PASS" start="2024-02-25T23:55:15.116304" elapsed="6.653423"/>
</test>
<test id="s1-s1-s4-t10" name="Открытие &quot;Конфигуратор&quot;:" line="116">
<kw name="Click Element" owner="SeleniumLibrary">
<msg time="2024-02-25T23:55:21.774908" level="INFO">Clicking element '//span[contains(text(),'Конфигуратор')]'.</msg>
<arg>${HeaderConfigurator}</arg>
<doc>Click the element identified by ``locator``.</doc>
<status status="PASS" start="2024-02-25T23:55:21.774672" elapsed="2.869857"/>
</kw>
<kw name="Wait Until Page Contains" owner="SeleniumLibrary">
<arg>Конфигуратор ПК</arg>
<doc>Waits until ``text`` appears on the current page.</doc>
<status status="PASS" start="2024-02-25T23:55:24.646201" elapsed="0.012271"/>
</kw>
<kw name="Sleep" owner="BuiltIn">
<msg time="2024-02-25T23:55:27.659157" level="INFO">Slept 3 seconds.</msg>
<arg>3s</arg>
<doc>Pauses the test executed for the given time.</doc>
<status status="PASS" start="2024-02-25T23:55:24.658707" elapsed="3.000766"/>
</kw>
<kw name="Go Back" owner="SeleniumLibrary">
<doc>Simulates the user clicking the back button on their browser.</doc>
<status status="PASS" start="2024-02-25T23:55:27.661924" elapsed="1.186178"/>
</kw>
<kw name="Wait Until Page Contains" owner="SeleniumLibrary">
<arg>Популярные категории</arg>
<doc>Waits until ``text`` appears on the current page.</doc>
<status status="PASS" start="2024-02-25T23:55:28.848614" elapsed="0.087731"/>
</kw>
<status status="PASS" start="2024-02-25T23:55:21.774302" elapsed="7.162266"/>
</test>
<test id="s1-s1-s4-t11" name="Открытие &quot;Доставка&quot;:" line="123">
<kw name="Click Element" owner="SeleniumLibrary">
<msg time="2024-02-25T23:55:28.938984" level="INFO">Clicking element '//span[contains(text(),'Доставка')]'.</msg>
<arg>${HeaderDelivery}</arg>
<doc>Click the element identified by ``locator``.</doc>
<status status="PASS" start="2024-02-25T23:55:28.938814" elapsed="1.123451"/>
</kw>
<kw name="Wait Until Page Contains" owner="SeleniumLibrary">
<msg time="2024-02-25T23:55:35.298953" level="INFO" html="true">&lt;/td&gt;&lt;/tr&gt;&lt;tr&gt;&lt;td colspan="3"&gt;&lt;a href="selenium-screenshot-1.png"&gt;&lt;img src="selenium-screenshot-1.png" width="800px"&gt;&lt;/a&gt;</msg>
<msg time="2024-02-25T23:55:35.299454" level="FAIL">Text 'Внимание! Уважаемые клиенты' did not appear in 5 seconds.</msg>
<arg>Внимание! Уважаемые клиенты</arg>
<doc>Waits until ``text`` appears on the current page.</doc>
<status status="FAIL" start="2024-02-25T23:55:30.063514" elapsed="5.238759">Text 'Внимание! Уважаемые клиенты' did not appear in 5 seconds.</status>
</kw>
<kw name="Sleep" owner="BuiltIn">
<arg>3s</arg>
<doc>Pauses the test executed for the given time.</doc>
<status status="NOT RUN" start="2024-02-25T23:55:35.303392" elapsed="0.000070"/>
</kw>
<kw name="Go Back" owner="SeleniumLibrary">
<doc>Simulates the user clicking the back button on their browser.</doc>
<status status="NOT RUN" start="2024-02-25T23:55:35.303588" elapsed="0.000022"/>
</kw>
<kw name="Wait Until Page Contains" owner="SeleniumLibrary">
<arg>Популярные категории</arg>
<doc>Waits until ``text`` appears on the current page.</doc>
<status status="NOT RUN" start="2024-02-25T23:55:35.303686" elapsed="0.000019"/>
</kw>
<status status="FAIL" start="2024-02-25T23:55:28.938537" elapsed="6.365307">Text 'Внимание! Уважаемые клиенты' did not appear in 5 seconds.</status>
</test>
<test id="s1-s1-s4-t12" name="Открытие &quot;Магазины&quot;:" line="130">
<kw name="Click Element" owner="SeleniumLibrary">
<msg time="2024-02-25T23:55:35.306363" level="INFO">Clicking element '//span[contains(text(),'Магазины')]'.</msg>
<msg time="2024-02-25T23:55:35.487129" level="INFO" html="true">&lt;/td&gt;&lt;/tr&gt;&lt;tr&gt;&lt;td colspan="3"&gt;&lt;a href="selenium-screenshot-2.png"&gt;&lt;img src="selenium-screenshot-2.png" width="800px"&gt;&lt;/a&gt;</msg>
<msg time="2024-02-25T23:55:35.487225" level="FAIL">Element with locator '//span[contains(text(),'Магазины')]' not found.</msg>
<arg>${HeaderShops}</arg>
<doc>Click the element identified by ``locator``.</doc>
<status status="FAIL" start="2024-02-25T23:55:35.305917" elapsed="0.184003">Element with locator '//span[contains(text(),'Магазины')]' not found.</status>
</kw>
<kw name="Wait Until Page Contains" owner="SeleniumLibrary">
<arg>Адреса магазинов и пунктов выдачи</arg>
<doc>Waits until ``text`` appears on the current page.</doc>
<status status="NOT RUN" start="2024-02-25T23:55:35.490552" elapsed="0.000034"/>
</kw>
<kw name="Sleep" owner="BuiltIn">
<arg>3s</arg>
<doc>Pauses the test executed for the given time.</doc>
<status status="NOT RUN" start="2024-02-25T23:55:35.490684" elapsed="0.000022"/>
</kw>
<kw name="Go Back" owner="SeleniumLibrary">
<doc>Simulates the user clicking the back button on their browser.</doc>
<status status="NOT RUN" start="2024-02-25T23:55:35.490784" elapsed="0.000020"/>
</kw>
<kw name="Wait Until Page Contains" owner="SeleniumLibrary">
<arg>Популярные категории</arg>
<doc>Waits until ``text`` appears on the current page.</doc>
<status status="NOT RUN" start="2024-02-25T23:55:35.490879" elapsed="0.000019"/>
</kw>
<status status="FAIL" start="2024-02-25T23:55:35.305710" elapsed="0.185294">Element with locator '//span[contains(text(),'Магазины')]' not found.</status>
</test>
<test id="s1-s1-s4-t13" name="Открытие формы первая часть &quot;Обратная связь&quot;:" line="138">
<kw name="Click Element" owner="SeleniumLibrary">
<msg time="2024-02-25T23:55:35.493072" level="INFO">Clicking element '//span[contains(text(),'Обратная связь')]'.</msg>
<msg time="2024-02-25T23:55:35.673189" level="INFO" html="true">&lt;/td&gt;&lt;/tr&gt;&lt;tr&gt;&lt;td colspan="3"&gt;&lt;a href="selenium-screenshot-3.png"&gt;&lt;img src="selenium-screenshot-3.png" width="800px"&gt;&lt;/a&gt;</msg>
<msg time="2024-02-25T23:55:35.673287" level="FAIL">Element with locator '//span[contains(text(),'Обратная связь')]' not found.</msg>
<arg>${HeaderFeedback}</arg>
<doc>Click the element identified by ``locator``.</doc>
<status status="FAIL" start="2024-02-25T23:55:35.492963" elapsed="0.180595">Element with locator '//span[contains(text(),'Обратная связь')]' not found.</status>
</kw>
<kw name="Wait Until Page Contains" owner="SeleniumLibrary">
<arg>Сообщение до 2000 символов</arg>
<doc>Waits until ``text`` appears on the current page.</doc>
<status status="NOT RUN" start="2024-02-25T23:55:35.674140" elapsed="0.000036"/>
</kw>
<kw name="Sleep" owner="BuiltIn">
<arg>3s</arg>
<doc>Pauses the test executed for the given time.</doc>
<status status="NOT RUN" start="2024-02-25T23:55:35.674271" elapsed="0.000021"/>
</kw>
<kw name="Wait Until Page Contains Element" owner="SeleniumLibrary">
<arg>${HFeedback_asktype}</arg>
<doc>Waits until the element ``locator`` appears on the current page.</doc>
<status status="NOT RUN" start="2024-02-25T23:55:35.674374" elapsed="0.000022"/>
</kw>
<kw name="Input Text" owner="SeleniumLibrary">
<arg>${HFeedback_asktype_message}</arg>
<arg>Это тестовый текст для "якобы" жалобы(проверка поля) при необходимости расширить текст до 2002 символов</arg>
<doc>Types the given ``text`` into the text field identified by ``locator``.</doc>
<status status="NOT RUN" start="2024-02-25T23:55:35.674472" elapsed="0.000019"/>
</kw>
<kw name="Input Text" owner="SeleniumLibrary">
<arg>${HFeedback_asktype_email}</arg>
<arg>zamaraev.i@citilink.ru</arg>
<doc>Types the given ``text`` into the text field identified by ``locator``.</doc>
<status status="NOT RUN" start="2024-02-25T23:55:35.674572" elapsed="0.000020"/>
</kw>
<kw name="Input Text" owner="SeleniumLibrary">
<arg>${HFeedback_asktype_orderId}</arg>
<arg>D00000099</arg>
<doc>Types the given ``text`` into the text field identified by ``locator``.</doc>
<status status="NOT RUN" start="2024-02-25T23:55:35.674672" elapsed="0.000020"/>
</kw>
<kw name="Click Element" owner="SeleniumLibrary">
<arg>${HFeedback_asktype}</arg>
<doc>Click the element identified by ``locator``.</doc>
<status status="NOT RUN" start="2024-02-25T23:55:35.674775" elapsed="0.000019"/>
</kw>
<kw name="Click Element" owner="SeleniumLibrary">
<arg>${HFeedback_asktype_problem}</arg>
<doc>Click the element identified by ``locator``.</doc>
<status status="NOT RUN" start="2024-02-25T23:55:35.674870" elapsed="0.000020"/>
</kw>
<kw name="Click Element" owner="SeleniumLibrary">
<arg>${HFeedback_nextButton}</arg>
<doc>Click the element identified by ``locator``.</doc>
<status status="NOT RUN" start="2024-02-25T23:55:35.674986" elapsed="0.000020"/>
</kw>
<status status="FAIL" start="2024-02-25T23:55:35.492766" elapsed="0.182354">Element with locator '//span[contains(text(),'Обратная связь')]' not found.</status>
</test>
<test id="s1-s1-s4-t14" name="Вторая часть &quot;обратная связь&quot;:" line="151">
<kw name="Click Element" owner="SeleniumLibrary">
<msg time="2024-02-25T23:55:35.677145" level="INFO">Clicking element '//label[contains(text(),'Я юридическое лицо')]'.</msg>
<msg time="2024-02-25T23:55:35.858739" level="INFO" html="true">&lt;/td&gt;&lt;/tr&gt;&lt;tr&gt;&lt;td colspan="3"&gt;&lt;a href="selenium-screenshot-4.png"&gt;&lt;img src="selenium-screenshot-4.png" width="800px"&gt;&lt;/a&gt;</msg>
<msg time="2024-02-25T23:55:35.858838" level="FAIL">Element with locator '//label[contains(text(),'Я юридическое лицо')]' not found.</msg>
<arg>${HFeedback_2_UL}</arg>
<doc>Click the element identified by ``locator``.</doc>
<status status="FAIL" start="2024-02-25T23:55:35.677037" elapsed="0.182079">Element with locator '//label[contains(text(),'Я юридическое лицо')]' not found.</status>
</kw>
<kw name="Wait Until Page Contains Element" owner="SeleniumLibrary">
<arg>${HFeedback_2_CompanyName}</arg>
<doc>Waits until the element ``locator`` appears on the current page.</doc>
<status status="NOT RUN" start="2024-02-25T23:55:35.859747" elapsed="0.000036"/>
</kw>
<kw name="Input Text" owner="SeleniumLibrary">
<arg>${HFeedback_2_UserName}</arg>
<arg>Иван</arg>
<doc>Types the given ``text`` into the text field identified by ``locator``.</doc>
<status status="NOT RUN" start="2024-02-25T23:55:35.859878" elapsed="0.000023"/>
</kw>
<kw name="Input Text" owner="SeleniumLibrary">
<arg>${HFeedback_2_City}</arg>
<arg>Псков</arg>
<doc>Types the given ``text`` into the text field identified by ``locator``.</doc>
<status status="NOT RUN" start="2024-02-25T23:55:35.859983" elapsed="0.000019"/>
</kw>
<kw name="Input Text" owner="SeleniumLibrary">
<arg>${HFeedback_2_CompanyName}</arg>
<arg>Ромашка</arg>
<doc>Types the given ``text`` into the text field identified by ``locator``.</doc>
<status status="NOT RUN" start="2024-02-25T23:55:35.860078" elapsed="0.000017"/>
</kw>
<kw name="Wait Until Page Contains Element" owner="SeleniumLibrary">
<arg>${HFeedback_2_SendButton}</arg>
<doc>Waits until the element ``locator`` appears on the current page.</doc>
<status status="NOT RUN" start="2024-02-25T23:55:35.860170" elapsed="0.000019"/>
</kw>
<kw name="Sleep" owner="BuiltIn">
<arg>5s</arg>
<doc>Pauses the test executed for the given time.</doc>
<status status="NOT RUN" start="2024-02-25T23:55:35.860269" elapsed="0.000019"/>
</kw>
<kw name="Go Back" owner="SeleniumLibrary">
<doc>Simulates the user clicking the back button on their browser.</doc>
<status status="NOT RUN" start="2024-02-25T23:55:35.860360" elapsed="0.000018"/>
</kw>
<kw name="Go Back" owner="SeleniumLibrary">
<doc>Simulates the user clicking the back button on their browser.</doc>
<status status="NOT RUN" start="2024-02-25T23:55:35.860471" elapsed="0.000018"/>
</kw>
<kw name="Sleep" owner="BuiltIn">
<arg>5s</arg>
<doc>Pauses the test executed for the given time.</doc>
<status status="NOT RUN" start="2024-02-25T23:55:35.860569" elapsed="0.000019"/>
</kw>
<status status="FAIL" start="2024-02-25T23:55:35.676870" elapsed="0.183825">Element with locator '//label[contains(text(),'Я юридическое лицо')]' not found.</status>
</test>
<status status="FAIL" start="2024-02-25T23:54:17.755314" elapsed="78.107318"/>
</suite>
<suite id="s1-s1-s5" name="RegComNegative IZ" source="/Users/pavelmilyukov/PycharmProjects/robotframework/Tests/1/RegComNegative_IZ.robot">
<test id="s1-s1-s5-t1" name="Успешная авторизация:" line="118">
<kw name="Open Browser" owner="SeleniumLibrary">
<msg time="2024-02-25T23:55:35.872416" level="INFO">Opening browser 'chrome' to base url 'https://www.citilink.ru/'.</msg>
<arg>https://www.citilink.ru/</arg>
<arg>chrome</arg>
<arg>options=add_argument("--ignore-certificate-errors")</arg>
<doc>Opens a new browser instance to the optional ``url``.</doc>
<status status="PASS" start="2024-02-25T23:55:35.872296" elapsed="5.023597"/>
</kw>
<kw name="Maximize Browser Window" owner="SeleniumLibrary">
<doc>Maximizes current browser window.</doc>
[...]
13  chromedriver                        0x0000000102b8cfb8 chromedriver + 3870648
14  chromedriver                        0x0000000102b8d15c chromedriver + 3871068
15  chromedriver                        0x0000000102b9c77c chromedriver + 3934076
16  libsystem_pthread.dylib             0x0000000182e42034 _pthread_start + 136
17  libsystem_pthread.dylib             0x0000000182e3ce3c thread_start + 8
</msg>
<msg time="2024-02-26T00:00:30.500068" level="WARN">Keyword 'Capture Page Screenshot' could not be run on failure: Message: no such window: target window already closed
from unknown error: web view not found
  (Session info: chrome=122.0.6261.69)
Stacktrace:
0   chromedriver                        0x00000001012b4580 chromedriver + 3966336
1   chromedriver                        0x00000001012acb0c chromedriver + 3934988
2   chromedriver                        0x0000000100f2fda0 chromedriver + 277920
3   chromedriver                        0x0000000100f0afb0 chromedriver + 126896
4   chromedriver                        0x0000000100f97414 chromedriver + 701460
5   chromedriver                        0x0000000100faa304 chromedriver + 779012
6   chromedriver                        0x0000000100f66fb0 chromedriver + 503728
7   chromedriver                        0x0000000100f67a28 chromedriver + 506408
8   chromedriver                        0x0000000101279768 chromedriver + 3725160
9   chromedriver                        0x000000010127dc5c chromedriver + 3742812
10  chromedriver                        0x0000000101262250 chromedriver + 3629648
11  chromedriver                        0x000000010127e758 chromedriver + 3745624
12  chromedriver                        0x00000001012555c8 chromedriver + 3577288
13  chromedriver                        0x000000010129cfb8 chromedriver + 3870648
14  chromedriver                        0x000000010129d15c chromedriver + 3871068
15  chromedriver                        0x00000001012ac77c chromedriver + 3934076
16  libsystem_pthread.dylib             0x0000000182e42034 _pthread_start + 136
17  libsystem_pthread.dylib             0x0000000182e3ce3c thread_start + 8
</msg>
<msg time="2024-02-26T00:00:31.728950" level="WARN">Keyword 'Capture Page Screenshot' could not be run on failure: Message: no such window: target window already closed
from unknown error: web view not found
  (Session info: chrome=122.0.6261.69)
Stacktrace:
0   chromedriver                        0x0000000104948580 chromedriver + 3966336
1   chromedriver                        0x0000000104940b0c chromedriver + 3934988
2   chromedriver                        0x00000001045c3da0 chromedriver + 277920
3   chromedriver                        0x000000010459efb0 chromedriver + 126896
4   chromedriver                        0x000000010462b414 chromedriver + 701460
5   chromedriver                        0x000000010463e304 chromedriver + 779012
6   chromedriver                        0x00000001045fafb0 chromedriver + 503728
7   chromedriver                        0x00000001045fba28 chromedriver + 506408
8   chromedriver                        0x000000010490d768 chromedriver + 3725160
9   chromedriver                        0x0000000104911c5c chromedriver + 3742812
10  chromedriver                        0x00000001048f6250 chromedriver + 3629648
11  chromedriver                        0x0000000104912758 chromedriver + 3745624
12  chromedriver                        0x00000001048e95c8 chromedriver + 3577288
13  chromedriver                        0x0000000104930fb8 chromedriver + 3870648
14  chromedriver                        0x000000010493115c chromedriver + 3871068
15  chromedriver                        0x000000010494077c chromedriver + 3934076
16  libsystem_pthread.dylib             0x0000000182e42034 _pthread_start + 136
17  libsystem_pthread.dylib             0x0000000182e3ce3c thread_start + 8
</msg>
<msg time="2024-02-26T00:00:33.036115" level="WARN">Keyword 'Capture Page Screenshot' could not be run on failure: Message: no such window: target window already closed
from unknown error: web view not found
  (Session info: chrome=122.0.6261.69)
Stacktrace:
0   chromedriver                        0x000000010258c580 chromedriver + 3966336
1   chromedriver                        0x0000000102584b0c chromedriver + 3934988
2   chromedriver                        0x0000000102207da0 chromedriver + 277920
3   chromedriver                        0x00000001021e2fb0 chromedriver + 126896
4   chromedriver                        0x000000010226f414 chromedriver + 701460
5   chromedriver                        0x0000000102282304 chromedriver + 779012
6   chromedriver                        0x000000010223efb0 chromedriver + 503728
7   chromedriver                        0x000000010223fa28 chromedriver + 506408
8   chromedriver                        0x0000000102551768 chromedriver + 3725160
9   chromedriver                        0x0000000102555c5c chromedriver + 3742812
10  chromedriver                        0x000000010253a250 chromedriver + 3629648
11  chromedriver                        0x0000000102556758 chromedriver + 3745624
12  chromedriver                        0x000000010252d5c8 chromedriver + 3577288
13  chromedriver                        0x0000000102574fb8 chromedriver + 3870648
14  chromedriver                        0x000000010257515c chromedriver + 3871068
15  chromedriver                        0x000000010258477c chromedriver + 3934076
16  libsystem_pthread.dylib             0x0000000182e42034 _pthread_start + 136
17  libsystem_pthread.dylib             0x0000000182e3ce3c thread_start + 8
</msg>
<msg time="2024-02-26T00:00:34.501598" level="WARN">Retrying (Retry(total=2, connect=None, read=None, redirect=None, status=None)) after connection broken by 'NewConnectionError('&lt;urllib3.connection.HTTPConnection object at 0x1073d19d0&gt;: Failed to establish a new connection: [Errno 61] Connection refused')': /session/9d18512c26a55fff6ed2003a3565e9d6/screenshot</msg>
<msg time="2024-02-26T00:00:34.508210" level="WARN">Retrying (Retry(total=1, connect=None, read=None, redirect=None, status=None)) after connection broken by 'NewConnectionError('&lt;urllib3.connection.HTTPConnection object at 0x1073d1e50&gt;: Failed to establish a new connection: [Errno 61] Connection refused')': /session/9d18512c26a55fff6ed2003a3565e9d6/screenshot</msg>
<msg time="2024-02-26T00:00:34.510800" level="WARN">Retrying (Retry(total=0, connect=None, read=None, redirect=None, status=None)) after connection broken by 'NewConnectionError('&lt;urllib3.connection.HTTPConnection object at 0x1073d23d0&gt;: Failed to establish a new connection: [Errno 61] Connection refused')': /session/9d18512c26a55fff6ed2003a3565e9d6/screenshot</msg>
<msg time="2024-02-26T00:00:34.512439" level="WARN">Keyword 'Capture Page Screenshot' could not be run on failure: HTTPConnectionPool(host='localhost', port=59733): Max retries exceeded with url: /session/9d18512c26a55fff6ed2003a3565e9d6/screenshot (Caused by NewConnectionError('&lt;urllib3.connection.HTTPConnection object at 0x1073d2d50&gt;: Failed to establish a new connection: [Errno 61] Connection refused'))</msg>
<msg time="2024-02-26T00:00:36.189994" level="WARN">Keyword 'Capture Page Screenshot' could not be run on failure: Message: no such window: target window already closed
from unknown error: web view not found
  (Session info: chrome=122.0.6261.69)
Stacktrace:
0   chromedriver                        0x0000000100800580 chromedriver + 3966336
1   chromedriver                        0x00000001007f8b0c chromedriver + 3934988
2   chromedriver                        0x000000010047bda0 chromedriver + 277920
3   chromedriver                        0x0000000100456fb0 chromedriver + 126896
4   chromedriver                        0x00000001004e3414 chromedriver + 701460
5   chromedriver                        0x00000001004f6304 chromedriver + 779012
6   chromedriver                        0x00000001004b2fb0 chromedriver + 503728
7   chromedriver                        0x00000001004b3a28 chromedriver + 506408
8   chromedriver                        0x00000001007c5768 chromedriver + 3725160
9   chromedriver                        0x00000001007c9c5c chromedriver + 3742812
10  chromedriver                        0x00000001007ae250 chromedriver + 3629648
11  chromedriver                        0x00000001007ca758 chromedriver + 3745624
12  chromedriver                        0x00000001007a15c8 chromedriver + 3577288
13  chromedriver                        0x00000001007e8fb8 chromedriver + 3870648
14  chromedriver                        0x00000001007e915c chromedriver + 3871068
15  chromedriver                        0x00000001007f877c chromedriver + 3934076
16  libsystem_pthread.dylib             0x0000000182e42034 _pthread_start + 136
17  libsystem_pthread.dylib             0x0000000182e3ce3c thread_start + 8
</msg>
<msg time="2024-02-26T00:00:37.675268" level="WARN">Keyword 'Capture Page Screenshot' could not be run on failure: Message: no such window: target window already closed
from unknown error: web view not found
  (Session info: chrome=122.0.6261.69)
Stacktrace:
0   chromedriver                        0x0000000103328580 chromedriver + 3966336
1   chromedriver                        0x0000000103320b0c chromedriver + 3934988
2   chromedriver                        0x0000000102fa3da0 chromedriver + 277920
3   chromedriver                        0x0000000102f7efb0 chromedriver + 126896
4   chromedriver                        0x000000010300b414 chromedriver + 701460
5   chromedriver                        0x000000010301e304 chromedriver + 779012
6   chromedriver                        0x0000000102fdafb0 chromedriver + 503728
7   chromedriver                        0x0000000102fdba28 chromedriver + 506408
8   chromedriver                        0x00000001032ed768 chromedriver + 3725160
9   chromedriver                        0x00000001032f1c5c chromedriver + 3742812
10  chromedriver                        0x00000001032d6250 chromedriver + 3629648
11  chromedriver                        0x00000001032f2758 chromedriver + 3745624
12  chromedriver                        0x00000001032c95c8 chromedriver + 3577288
13  chromedriver                        0x0000000103310fb8 chromedriver + 3870648
14  chromedriver                        0x000000010331115c chromedriver + 3871068
15  chromedriver                        0x000000010332077c chromedriver + 3934076
16  libsystem_pthread.dylib             0x0000000182e42034 _pthread_start + 136
17  libsystem_pthread.dylib             0x0000000182e3ce3c thread_start + 8
</msg>
<msg time="2024-02-26T00:00:39.141175" level="WARN">Keyword 'Capture Page Screenshot' could not be run on failure: Message: no such window: target window already closed
from unknown error: web view not found
  (Session info: chrome=122.0.6261.69)
Stacktrace:
0   chromedriver                        0x0000000102ba4580 chromedriver + 3966336
1   chromedriver                        0x0000000102b9cb0c chromedriver + 3934988
2   chromedriver                        0x000000010281fda0 chromedriver + 277920
3   chromedriver                        0x00000001027fafb0 chromedriver + 126896
4   chromedriver                        0x0000000102887414 chromedriver + 701460
5   chromedriver                        0x000000010289a304 chromedriver + 779012
6   chromedriver                        0x0000000102856fb0 chromedriver + 503728
7   chromedriver                        0x0000000102857a28 chromedriver + 506408
8   chromedriver                        0x0000000102b69768 chromedriver + 3725160
9   chromedriver                        0x0000000102b6dc5c chromedriver + 3742812
10  chromedriver                        0x0000000102b52250 chromedriver + 3629648
11  chromedriver                        0x0000000102b6e758 chromedriver + 3745624
12  chromedriver                        0x0000000102b455c8 chromedriver + 3577288
13  chromedriver                        0x0000000102b8cfb8 chromedriver + 3870648
14  chromedriver                        0x0000000102b8d15c chromedriver + 3871068
15  chromedriver                        0x0000000102b9c77c chromedriver + 3934076
16  libsystem_pthread.dylib             0x0000000182e42034 _pthread_start + 136
17  libsystem_pthread.dylib             0x0000000182e3ce3c thread_start + 8
</msg>
<msg time="2024-02-26T00:00:39.396020" level="ERROR">Error in file '/Users/pavelmilyukov/PycharmProjects/robotframework/Tests/2/ts.robot' on line 5: Importing library 'AllureRobotframework' failed: ModuleNotFoundError: No module named 'AllureRobotframework'
Traceback (most recent call last):
  None
PYTHONPATH:
  /Users/pavelmilyukov/PycharmProjects/robotframework/venv/bin
  /Library/Frameworks/Python.framework/Versions/3.11/lib/python311.zip
  /Library/Frameworks/Python.framework/Versions/3.11/lib/python3.11
  /Library/Frameworks/Python.framework/Versions/3.11/lib/python3.11/lib-dynload
  /Users/pavelmilyukov/PycharmProjects/robotframework/venv/lib/python3.11/site-packages</msg>
<msg time="2024-02-26T00:00:40.779219" level="WARN">Keyword 'Capture Page Screenshot' could not be run on failure: Message: no such window: target window already closed
from unknown error: web view not found
  (Session info: chrome=122.0.6261.69)
Stacktrace:
0   chromedriver                        0x0000000104f20580 chromedriver + 3966336
1   chromedriver                        0x0000000104f18b0c chromedriver + 3934988
2   chromedriver                        0x0000000104b9bda0 chromedriver + 277920
3   chromedriver                        0x0000000104b76fb0 chromedriver + 126896
4   chromedriver                        0x0000000104c03414 chromedriver + 701460
5   chromedriver                        0x0000000104c16304 chromedriver + 779012
6   chromedriver                        0x0000000104bd2fb0 chromedriver + 503728
7   chromedriver                        0x0000000104bd3a28 chromedriver + 506408
8   chromedriver                        0x0000000104ee5768 chromedriver + 3725160
9   chromedriver                        0x0000000104ee9c5c chromedriver + 3742812
10  chromedriver                        0x0000000104ece250 chromedriver + 3629648
11  chromedriver                        0x0000000104eea758 chromedriver + 3745624
12  chromedriver                        0x0000000104ec15c8 chromedriver + 3577288
13  chromedriver                        0x0000000104f08fb8 chromedriver + 3870648
14  chromedriver                        0x0000000104f0915c chromedriver + 3871068
15  chromedriver                        0x0000000104f1877c chromedriver + 3934076
16  libsystem_pthread.dylib             0x0000000182e42034 _pthread_start + 136
17  libsystem_pthread.dylib             0x0000000182e3ce3c thread_start + 8
</msg>
<msg time="2024-02-26T00:00:42.357325" level="WARN">Keyword 'Capture Page Screenshot' could not be run on failure: Message: no such window: target window already closed
from unknown error: web view not found
  (Session info: chrome=122.0.6261.69)
Stacktrace:
0   chromedriver                        0x00000001006c0580 chromedriver + 3966336
1   chromedriver                        0x00000001006b8b0c chromedriver + 3934988
2   chromedriver                        0x000000010033bda0 chromedriver + 277920
3   chromedriver                        0x0000000100316fb0 chromedriver + 126896
4   chromedriver                        0x00000001003a3414 chromedriver + 701460
5   chromedriver                        0x00000001003b6304 chromedriver + 779012
6   chromedriver                        0x0000000100372fb0 chromedriver + 503728
7   chromedriver                        0x0000000100373a28 chromedriver + 506408
8   chromedriver                        0x0000000100685768 chromedriver + 3725160
9   chromedriver                        0x0000000100689c5c chromedriver + 3742812
10  chromedriver                        0x000000010066e250 chromedriver + 3629648
11  chromedriver                        0x000000010068a758 chromedriver + 3745624
12  chromedriver                        0x00000001006615c8 chromedriver + 3577288
13  chromedriver                        0x00000001006a8fb8 chromedriver + 3870648
14  chromedriver                        0x00000001006a915c chromedriver + 3871068
15  chromedriver                        0x00000001006b877c chromedriver + 3934076
16  libsystem_pthread.dylib             0x0000000182e42034 _pthread_start + 136
17  libsystem_pthread.dylib             0x0000000182e3ce3c thread_start + 8
</msg>
<msg time="2024-02-26T00:00:43.859556" level="WARN">Keyword 'Capture Page Screenshot' could not be run on failure: Message: no such window: target window already closed
from unknown error: web view not found
  (Session info: chrome=122.0.6261.69)
Stacktrace:
0   chromedriver                        0x0000000104a88580 chromedriver + 3966336
1   chromedriver                        0x0000000104a80b0c chromedriver + 3934988
2   chromedriver                        0x0000000104703da0 chromedriver + 277920
3   chromedriver                        0x00000001046defb0 chromedriver + 126896
4   chromedriver                        0x000000010476b414 chromedriver + 701460
5   chromedriver                        0x000000010477e304 chromedriver + 779012
6   chromedriver                        0x000000010473afb0 chromedriver + 503728
7   chromedriver                        0x000000010473ba28 chromedriver + 506408
8   chromedriver                        0x0000000104a4d768 chromedriver + 3725160
9   chromedriver                        0x0000000104a51c5c chromedriver + 3742812
10  chromedriver                        0x0000000104a36250 chromedriver + 3629648
11  chromedriver                        0x0000000104a52758 chromedriver + 3745624
12  chromedriver                        0x0000000104a295c8 chromedriver + 3577288
13  chromedriver                        0x0000000104a70fb8 chromedriver + 3870648
14  chromedriver                        0x0000000104a7115c chromedriver + 3871068
15  chromedriver                        0x0000000104a8077c chromedriver + 3934076
16  libsystem_pthread.dylib             0x0000000182e42034 _pthread_start + 136
17  libsystem_pthread.dylib             0x0000000182e3ce3c thread_start + 8
</msg>
<msg time="2024-02-26T00:00:45.508480" level="WARN">Keyword 'Capture Page Screenshot' could not be run on failure: Message: no such window: target window already closed
from unknown error: web view not found
  (Session info: chrome=122.0.6261.69)
Stacktrace:
0   chromedriver                        0x00000001028a4580 chromedriver + 3966336
1   chromedriver                        0x000000010289cb0c chromedriver + 3934988
2   chromedriver                        0x000000010251fda0 chromedriver + 277920
3   chromedriver                        0x00000001024fafb0 chromedriver + 126896
4   chromedriver                        0x0000000102587414 chromedriver + 701460
5   chromedriver                        0x000000010259a304 chromedriver + 779012
6   chromedriver                        0x0000000102556fb0 chromedriver + 503728
7   chromedriver                        0x0000000102557a28 chromedriver + 506408
8   chromedriver                        0x0000000102869768 chromedriver + 3725160
9   chromedriver                        0x000000010286dc5c chromedriver + 3742812
10  chromedriver                        0x0000000102852250 chromedriver + 3629648
11  chromedriver                        0x000000010286e758 chromedriver + 3745624
12  chromedriver                        0x00000001028455c8 chromedriver + 3577288
13  chromedriver                        0x000000010288cfb8 chromedriver + 3870648
14  chromedriver                        0x000000010288d15c chromedriver + 3871068
15  chromedriver                        0x000000010289c77c chromedriver + 3934076
16  libsystem_pthread.dylib             0x0000000182e42034 _pthread_start + 136
17  libsystem_pthread.dylib             0x0000000182e3ce3c thread_start + 8
</msg>
</errors>
</robot>
